[11.04.21 00:07:27] bosses Antharas died
[11.04.21 00:08:10] bosses BaylorManager : State of Baylor is NOTSPAWN.
[11.04.21 00:08:10] bosses BaylorManager : Next spawn date of Baylor is Thu Jan 01 02:00:00 EET 1970.
[11.04.21 00:08:10] bosses BaylorManager : Init BaylorManager.
[11.04.21 00:11:51] bosses BaylorManager : State of Baylor is NOTSPAWN.
[11.04.21 00:11:51] bosses BaylorManager : Next spawn date of Baylor is Thu Jan 01 02:00:00 EET 1970.
[11.04.21 00:11:51] bosses BaylorManager : Init BaylorManager.
[11.04.21 00:15:10] bosses BaylorManager : State of Baylor is NOTSPAWN.
[11.04.21 00:15:10] bosses BaylorManager : Next spawn date of Baylor is Thu Jan 01 02:00:00 EET 1970.
[11.04.21 00:15:10] bosses BaylorManager : Init BaylorManager.
[11.04.21 00:23:42] bosses BaylorManager : State of Baylor is NOTSPAWN.
[11.04.21 00:23:42] bosses BaylorManager : Next spawn date of Baylor is Thu Jan 01 02:00:00 EET 1970.
[11.04.21 00:23:42] bosses BaylorManager : Init BaylorManager.
[11.04.21 00:48:06] bosses Antharas died
[11.04.21 00:49:57] bosses BaylorManager : State of Baylor is NOTSPAWN.
[11.04.21 00:49:57] bosses BaylorManager : Next spawn date of Baylor is Thu Jan 01 02:00:00 EET 1970.
[11.04.21 00:49:57] bosses BaylorManager : Init BaylorManager.
[11.04.21 01:04:36] bosses BaylorManager : State of Baylor is NOTSPAWN.
[11.04.21 01:04:36] bosses BaylorManager : Next spawn date of Baylor is Thu Jan 01 02:00:00 EET 1970.
[11.04.21 01:04:36] bosses BaylorManager : Init BaylorManager.
[11.04.21 10:57:14] bosses BaylorManager : State of Baylor is NOTSPAWN.
[11.04.21 10:57:14] bosses BaylorManager : Next spawn date of Baylor is Thu Jan 01 02:00:00 EET 1970.
[11.04.21 10:57:14] bosses BaylorManager : Init BaylorManager.
[11.04.21 12:29:43] bosses BaylorManager : State of Baylor is NOTSPAWN.
[11.04.21 12:29:43] bosses BaylorManager : Next spawn date of Baylor is Thu Jan 01 02:00:00 EET 1970.
[11.04.21 12:29:43] bosses BaylorManager : Init BaylorManager.
[11.04.21 12:29:44] bosses Baium going to sleep, spawning statue
[11.04.21 19:20:02] bosses BaylorManager : State of Baylor is NOTSPAWN.
[11.04.21 19:20:02] bosses BaylorManager : Next spawn date of Baylor is Thu Jan 01 02:00:00 EET 1970.
[11.04.21 19:20:02] bosses BaylorManager : Init BaylorManager.
