[22.04.21 19:54:29] Pickup 57 Adena (1089)[268481745] VAXIP[268481670] 1089
[22.04.21 19:54:35] Pickup 57 Adena (1188)[268481750] VAXIP[268481670] 1188
[22.04.21 19:54:35] Pickup 4037 Coin of Luck (3)[268481751] VAXIP[268481670] 3
[22.04.21 19:54:35] Pickup 57 Adena (1223)[268481752] VAXIP[268481670] 1223
[22.04.21 19:54:39] Pickup 57 Adena (1174)[268481757] VAXIP[268481670] 1174
[22.04.21 19:54:42] Pickup 6353 Blue Gemstone (1)[268481758] VAXIP[268481670] 1
[22.04.21 19:57:43] Pickup 57 Adena (15219)[268481794] VAXIP[268481670] 15219
[22.04.21 19:57:43] Pickup 1867 Animal Skin (4)[268481795] VAXIP[268481670] 4
[22.04.21 19:57:43] Pickup 1799 Recipe: Leather Gloves (1)[268481796] VAXIP[268481670] 1
[22.04.21 19:57:43] Pickup 1872 Animal Bone (4)[268481797] VAXIP[268481670] 4
[22.04.21 19:57:54] Pickup 57 Adena (12424)[268481801] VAXIP[268481670] 12424
[22.04.21 19:57:54] Pickup 1868 Thread (4)[268481802] VAXIP[268481670] 4
[22.04.21 19:57:54] Pickup 1865 Varnish (1)[268481803] VAXIP[268481670] 1
[22.04.21 19:57:54] Pickup 1866 Suede (2)[268481804] VAXIP[268481670] 2
[22.04.21 19:57:54] Pickup 1833 Bandage (1)[268481805] VAXIP[268481670] 1
[22.04.21 19:57:54] Pickup 4037 Coin of Luck (1)[268481806] VAXIP[268481670] 1
[22.04.21 19:57:54] Pickup 57 Adena (4501)[268481807] VAXIP[268481670] 4501
[22.04.21 19:58:01] Pickup 1799 Recipe: Leather Gloves (1)[268481811] VAXIP[268481670] 1
[22.04.21 19:58:01] Pickup 1868 Thread (4)[268481816] VAXIP[268481670] 4
[22.04.21 19:58:01] Pickup 1833 Bandage (3)[268481817] VAXIP[268481670] 3
[22.04.21 19:58:01] Pickup 1866 Suede (1)[268481818] VAXIP[268481670] 1
[22.04.21 19:58:01] Pickup 1864 Stem (1)[268481821] VAXIP[268481670] 1
[22.04.21 19:58:01] Pickup 1865 Varnish (1)[268481822] VAXIP[268481670] 1
[22.04.21 19:58:12] Pickup 1799 Recipe: Leather Gloves (1)[268481833] VAXIP[268481670] 1
[22.04.21 19:58:12] Pickup 1867 Animal Skin (1)[268481834] VAXIP[268481670] 1
[22.04.21 19:58:12] Pickup 1872 Animal Bone (2)[268481836] VAXIP[268481670] 2
[22.04.21 19:58:12] Pickup 4037 Coin of Luck (3)[268481839] VAXIP[268481670] 3
[22.04.21 19:58:12] Pickup 57 Adena (2840)[268481840] VAXIP[268481670] 2840
[22.04.21 19:58:21] Pickup 1833 Bandage (3)[268481842] VAXIP[268481670] 3
[22.04.21 19:58:21] Pickup 1799 Recipe: Leather Gloves (1)[268481843] VAXIP[268481670] 1
[22.04.21 19:58:21] Pickup 1864 Stem (2)[268481845] VAXIP[268481670] 2
[22.04.21 19:58:21] Pickup 4037 Coin of Luck (2)[268481846] VAXIP[268481670] 2
[22.04.21 19:58:21] Pickup 57 Adena (3084)[268481847] VAXIP[268481670] 3084
[22.04.21 19:58:32] Pickup 1868 Thread (4)[268481852] VAXIP[268481670] 4
[22.04.21 19:58:32] Pickup 1803 Recipe: Necklace of Wisdom (1)[268481853] VAXIP[268481670] 1
[22.04.21 19:58:36] Pickup 57 Adena (17509)[268481854] VAXIP[268481670] 17509
[22.04.21 19:58:36] Pickup 1868 Thread (5)[268481855] VAXIP[268481670] 5
[22.04.21 19:58:42] Pickup 57 Adena (13945)[268481857] VAXIP[268481670] 13945
[22.04.21 19:58:42] Pickup 1896 Necklace of Anguish Chain (1)[268481859] VAXIP[268481670] 1
[22.04.21 19:58:42] Pickup 1865 Varnish (4)[268481861] VAXIP[268481670] 4
[22.04.21 19:58:42] Pickup 1864 Stem (3)[268481864] VAXIP[268481670] 3
[22.04.21 19:58:42] Pickup 1868 Thread (2)[268481865] VAXIP[268481670] 2
[22.04.21 19:58:42] Pickup 1866 Suede (1)[268481866] VAXIP[268481670] 1
[22.04.21 19:58:42] Pickup 1799 Recipe: Leather Gloves (1)[268481867] VAXIP[268481670] 1
[22.04.21 19:58:42] Pickup 1873 Silver Nugget (1)[268481868] VAXIP[268481670] 1
[22.04.21 19:58:49] Pickup 57 Adena (11908)[268481872] VAXIP[268481670] 11908
[22.04.21 19:58:49] Pickup 1872 Animal Bone (4)[268481873] VAXIP[268481670] 4
[22.04.21 19:58:49] Pickup 1867 Animal Skin (1)[268481875] VAXIP[268481670] 1
[22.04.21 19:58:55] Pickup 1803 Recipe: Necklace of Wisdom (1)[268481878] VAXIP[268481670] 1
[22.04.21 19:58:55] Pickup 1868 Thread (4)[268481879] VAXIP[268481670] 4
[22.04.21 19:58:55] Pickup 1873 Silver Nugget (2)[268481880] VAXIP[268481670] 2
[22.04.21 20:01:19] Pickup 57 Adena (208847)[268482941] VAXIP[268481670] 208847
[22.04.21 20:01:19] Pickup 1929 Hard Leather Gaiters Material (1)[268482942] VAXIP[268481670] 1
[22.04.21 20:01:19] Pickup 27 Hard Leather Shirt (1)[268482943] VAXIP[268481670] 1
[22.04.21 20:01:19] Pickup 1868 Thread (58)[268482944] VAXIP[268481670] 58
[22.04.21 20:01:19] Pickup 1873 Silver Nugget (6)[268482953] VAXIP[268481670] 6
[22.04.21 20:01:49] Pickup 57 Adena (25338)[268482964] VAXIP[268481670] 25338
[22.04.21 20:01:50] Pickup 1929 Hard Leather Gaiters Material (1)[268482965] VAXIP[268481670] 1
[22.04.21 20:01:50] Pickup 1867 Animal Skin (3)[268482966] VAXIP[268481670] 3
[22.04.21 20:01:50] Pickup 1872 Animal Bone (3)[268482967] VAXIP[268481670] 3
[22.04.21 20:03:07] Pickup 45 Bone Helmet (1)[268482978] VAXIP[268481670] 1
[22.04.21 20:03:07] Pickup 1871 Charcoal (2)[268482979] VAXIP[268481670] 2
[22.04.21 20:03:07] Pickup 1866 Suede (1)[268482980] VAXIP[268481670] 1
[22.04.21 20:03:07] Pickup 4037 Coin of Luck (2)[268482983] VAXIP[268481670] 2
[22.04.21 20:03:07] Pickup 57 Adena (3665)[268482984] VAXIP[268481670] 3665
[22.04.21 20:03:15] Pickup 57 Adena (34327)[268482986] VAXIP[268481670] 34327
[22.04.21 20:03:15] Pickup 1931 Leather Boot Lining (1)[268482987] VAXIP[268481670] 1
[22.04.21 20:03:15] Pickup 1867 Animal Skin (3)[268482988] VAXIP[268481670] 3
[22.04.21 20:03:15] Pickup 1872 Animal Bone (3)[268482989] VAXIP[268481670] 3
[22.04.21 20:03:15] Pickup 4037 Coin of Luck (1)[268482990] VAXIP[268481670] 1
[22.04.21 20:03:15] Pickup 57 Adena (4865)[268482991] VAXIP[268481670] 4865
[22.04.21 20:03:24] Pickup 57 Adena (28813)[268482995] VAXIP[268481670] 28813
[22.04.21 20:03:24] Pickup 1872 Animal Bone (5)[268482996] VAXIP[268481670] 5
[22.04.21 20:03:24] Pickup 1867 Animal Skin (2)[268482997] VAXIP[268481670] 2
[22.04.21 20:03:41] Pickup 57 Adena (35904)[268483005] VAXIP[268481670] 35904
[22.04.21 20:03:41] Pickup 1931 Leather Boot Lining (1)[268483006] VAXIP[268481670] 1
[22.04.21 20:03:41] Pickup 1872 Animal Bone (6)[268483007] VAXIP[268481670] 6
[22.04.21 20:03:41] Pickup 1867 Animal Skin (7)[268483008] VAXIP[268481670] 7
[22.04.21 20:03:41] Pickup 1875 Stone of Purity (1)[268483009] VAXIP[268481670] 1
[22.04.21 20:03:53] Pickup 57 Adena (22610)[268483012] VAXIP[268481670] 22610
[22.04.21 20:03:53] Pickup 1871 Charcoal (1)[268483016] VAXIP[268481670] 1
[22.04.21 20:03:53] Pickup 1866 Suede (1)[268483017] VAXIP[268481670] 1
[22.04.21 20:03:53] Pickup 4037 Coin of Luck (3)[268483018] VAXIP[268481670] 3
[22.04.21 20:03:53] Pickup 57 Adena (4106)[268483019] VAXIP[268481670] 4106
[22.04.21 20:07:42] Pickup 57 Adena (473386)[268483056] VAXIP[268481670] 473386
[22.04.21 20:07:42] Pickup 1932 Bone Helmet Design (1)[268483057] VAXIP[268481670] 1
[22.04.21 20:07:42] Pickup 626 Bronze Shield (1)[268483058] VAXIP[268481670] 1
[22.04.21 20:07:42] Pickup 45 Bone Helmet (1)[268483059] VAXIP[268481670] 1
[22.04.21 20:07:42] Pickup 6035 Magic Haste Potion (6)[268483061] VAXIP[268481670] 6
[22.04.21 20:07:42] Pickup 1871 Charcoal (57)[268483062] VAXIP[268481670] 57
[22.04.21 20:07:42] Pickup 1866 Suede (38)[268483063] VAXIP[268481670] 38
[22.04.21 20:07:43] Pickup 1885 High Grade Suede (1)[268483064] VAXIP[268481670] 1
[22.04.21 20:07:43] Pickup 5220 Metal Hardener (2)[268483065] VAXIP[268481670] 2
[22.04.21 20:07:43] Pickup 4037 Coin of Luck (3)[268483071] VAXIP[268481670] 3
[22.04.21 20:07:43] Pickup 57 Adena (4919)[268483072] VAXIP[268481670] 4919
[22.04.21 20:08:00] Pickup 57 Adena (37752)[268483078] VAXIP[268481670] 37752
[22.04.21 20:08:00] Pickup 1866 Suede (1)[268483079] VAXIP[268481670] 1
[22.04.21 20:08:00] Pickup 1871 Charcoal (2)[268483080] VAXIP[268481670] 2
[22.04.21 20:09:57] Create 57 Adena (10000000)[268483103] admin[268481667] 10000000
[22.04.21 20:10:23] Create 57 Adena (1000000000)[268483106] admin[268481667] 1000000000
[22.04.21 20:10:36] TradeSell 57 Adena (1024778772)[268483693] admin[268481667] 1024778772
[22.04.21 20:10:36] TradeBuy 57 Adena (1024778772)[268483693] VAXIP[268481670] 1024778772
[22.04.21 20:11:36] Create 57 Adena (100000000)[268483127] admin[268481667] 100000000
[22.04.21 20:16:01] RefundSell 1867 Animal Skin (21)[268481795] VAXIP[268481670] 21
[22.04.21 20:16:01] RefundSell 1872 Animal Bone (27)[268481797] VAXIP[268481670] 27
[22.04.21 20:16:01] RefundSell 1868 Thread (81)[268481802] VAXIP[268481670] 81
[22.04.21 20:16:01] RefundSell 1865 Varnish (6)[268481803] VAXIP[268481670] 6
[22.04.21 20:16:01] RefundSell 1866 Suede (45)[268481804] VAXIP[268481670] 45
[22.04.21 20:16:01] RefundSell 1833 Bandage (7)[268481805] VAXIP[268481670] 7
[22.04.21 20:16:01] RefundSell 1864 Stem (6)[268481821] VAXIP[268481670] 6
[22.04.21 20:16:01] RefundSell 1803 Recipe: Necklace of Wisdom (2)[268481853] VAXIP[268481670] 2
[22.04.21 20:16:01] RefundSell 1896 Necklace of Anguish Chain (1)[268481859] VAXIP[268481670] 1
[22.04.21 20:16:01] RefundSell 1799 Recipe: Leather Gloves (5)[268481796] VAXIP[268481670] 5
[22.04.21 20:16:01] RefundSell 1873 Silver Nugget (9)[268481868] VAXIP[268481670] 9
[22.04.21 20:16:01] RefundSell 1929 Hard Leather Gaiters Material (2)[268482942] VAXIP[268481670] 2
[22.04.21 20:16:01] RefundSell 27 Hard Leather Shirt (1)[268482943] VAXIP[268481670] 1
[22.04.21 20:16:01] RefundSell 45 Bone Helmet (1)[268482978] VAXIP[268481670] 1
[22.04.21 20:16:01] RefundSell 1871 Charcoal (62)[268482979] VAXIP[268481670] 62
[22.04.21 20:16:01] RefundSell 1931 Leather Boot Lining (2)[268482987] VAXIP[268481670] 2
[22.04.21 20:16:01] RefundSell 1875 Stone of Purity (1)[268483009] VAXIP[268481670] 1
[22.04.21 20:16:01] RefundSell 1932 Bone Helmet Design (1)[268483057] VAXIP[268481670] 1
[22.04.21 20:16:01] RefundSell 626 Bronze Shield (1)[268483058] VAXIP[268481670] 1
[22.04.21 20:16:01] RefundSell 45 Bone Helmet (1)[268483059] VAXIP[268481670] 1
[22.04.21 20:17:58] Create 57 Adena (80000000000)[268483197] admin[268481667] 80000000000
[22.04.21 20:18:19] TradeSell 57 Adena (80099895000)[268483127] admin[268481667] 80099895000
[22.04.21 20:18:19] TradeBuy 57 Adena (80099895000)[268483127] VAXIP[268481670] 80099895000
[22.04.21 20:19:31] TradeSell 6657 Necklace of Valakas (1)[268481709] admin[268481667] 1
[22.04.21 20:19:31] TradeBuy 6657 Necklace of Valakas (1)[268481709] VAXIP[268481670] 1
[22.04.21 20:19:31] TradeSell 6661 Earring of Orfen (1)[268481723] admin[268481667] 1
[22.04.21 20:19:31] TradeBuy 6661 Earring of Orfen (1)[268481723] VAXIP[268481670] 1
[22.04.21 20:19:31] TradeSell 22175 Greater Blessed Earring of Zaken (1)[268481722] admin[268481667] 1
[22.04.21 20:19:31] TradeBuy 22175 Greater Blessed Earring of Zaken (1)[268481722] VAXIP[268481670] 1
[22.04.21 20:19:31] TradeSell 6660 Ring of Queen Ant (1)[268481713] admin[268481667] 1
[22.04.21 20:19:31] TradeBuy 6660 Ring of Queen Ant (1)[268481713] VAXIP[268481670] 1
[22.04.21 20:19:31] TradeSell 6658 Ring of Baium (1)[268481710] admin[268481667] 1
[22.04.21 20:19:31] TradeBuy 6658 Ring of Baium (1)[268481710] VAXIP[268481670] 1
[22.04.21 20:21:50] Delete 5789 Soulshot: No Grade for Beginners (600)[268481762] VAXIP[268481670] 600
[22.04.21 20:21:52] Delete 920 Tateossian Necklace (1)[268483146] VAXIP[268481670] 1
[22.04.21 20:21:56] Delete 858 Tateossian Earring (1)[268483145] VAXIP[268481670] 1
[22.04.21 20:21:58] Delete 889 Tateossian Ring (1)[268483142] VAXIP[268481670] 1
[22.04.21 20:22:01] Delete 889 Tateossian Ring (1)[268483141] VAXIP[268481670] 1
[22.04.21 20:22:06] Delete 6035 Magic Haste Potion (6)[268483061] VAXIP[268481670] 6
[22.04.21 20:22:07] Delete 10437 Icarus Heavy Arms \Focus\ (1)[268483212] VAXIP[268481670] 1
[22.04.21 20:22:09] Delete 10437 Icarus Heavy Arms \Focus\ (1)[268483209] VAXIP[268481670] 1
[22.04.21 20:22:11] Delete 10437 Icarus Heavy Arms \Focus\ (1)[268483213] VAXIP[268481670] 1
[22.04.21 20:22:13] Delete 10437 Icarus Heavy Arms \Focus\ (1)[268483206] VAXIP[268481670] 1
[22.04.21 20:22:15] Delete 10437 Icarus Heavy Arms \Focus\ (1)[268483201] VAXIP[268481670] 1
[22.04.21 20:22:17] Delete 10437 Icarus Heavy Arms \Focus\ (1)[268483207] VAXIP[268481670] 1
[22.04.21 20:22:19] Delete 10437 Icarus Heavy Arms \Focus\ (1)[268483208] VAXIP[268481670] 1
[22.04.21 20:26:57] Drop 9546 Fire Stone (200)[268483320] VAXIP[268481670] 200
[22.04.21 20:27:47] Delete 1467 Soulshot: S-grade (1000)[268483133] VAXIP[268481670] 999
[22.04.21 20:28:19] Pickup 9546 Fire Stone (200)[268483320] VAXIP[268481670] 200
[22.04.21 20:37:04] Delete 858 Tateossian Earring (1)[268483143] VAXIP[268481670] 1
[22.04.21 20:40:22] PartyPickup 4037 Coin of Luck (3)[268484086] VAXIP[268481670] 3
[22.04.21 20:40:25] PartyPickup 4037 Coin of Luck (2)[268484089] VAXIP[268481670] 2
[22.04.21 20:40:35] PartyPickup 4037 Coin of Luck (2)[268484100] VAXIP[268481670] 2
[22.04.21 20:41:21] PartyPickup 4037 Coin of Luck (3)[268484108] VAXIP[268481670] 3
[22.04.21 20:43:32] PartyPickup 15702 Sealed Moirai Stockings  (1)[268484165] VAXIP[268481670] 1
[22.04.21 20:43:32] PartyPickup 14187 Forgotten Scroll - Flame Armor (1)[268484185] VAXIP[268481670] 1
[22.04.21 20:43:33] PartyPickup 14161 Sealed Vesper Necklace (1)[268484169] VAXIP[268481670] 1
[22.04.21 20:43:33] PartyPickup 15707 Sealed Moirai Leather Boots  (1)[268484151] VAXIP[268481670] 1
[22.04.21 20:43:34] PartyPickup 21713 Sealed Cloak of Zaken (1)[268484193] VAXIP[268481670] 1
[22.04.21 20:43:38] PartyPickup 14170 Forgotten Scroll - Seed of Revenge (1)[268484182] VAXIP[268481670] 1
[22.04.21 20:43:39] PartyPickup 21713 Sealed Cloak of Zaken (1)[268484192] VAXIP[268481670] 1
[22.04.21 20:43:39] PartyPickup 14177 Forgotten Scroll - Ghost Walking (1)[268484172] VAXIP[268481670] 1
[22.04.21 20:43:41] PartyPickup 16166 High-Grade Life Stone - level 86 (3)[268484190] VAXIP[268481670] 3
[22.04.21 20:43:44] PartyPickup 14179 Forgotten Scroll - Arrow Rain (1)[268484187] VAXIP[268481670] 1
[22.04.21 20:43:45] PartyPickup 21892 Pirate King Hat (1)[268484195] VAXIP[268481670] 1
[22.04.21 20:43:45] PartyPickup 15704 Sealed Moirai Leather Gloves  (1)[268484166] VAXIP[268481670] 1
[22.04.21 20:43:46] PartyPickup 14113 Sealed Vesper Leather Gloves (1)[268484140] VAXIP[268481670] 1
[22.04.21 20:43:46] PartyPickup 15710 Sealed Moirai Shield  (1)[268484163] VAXIP[268481670] 1
[22.04.21 20:43:47] PartyPickup 21713 Sealed Cloak of Zaken (1)[268484191] VAXIP[268481670] 1
[22.04.21 20:43:48] PartyPickup 14160 Sealed Vesper Earring (1)[268484167] VAXIP[268481670] 1
[22.04.21 20:43:48] PartyPickup 15695 Sealed Moirai Leather Helmet  (1)[268484156] VAXIP[268481670] 1
[22.04.21 20:43:49] PartyPickup 14175 Forgotten Scroll - Exciting Adventure (1)[268484176] VAXIP[268481670] 1
[22.04.21 20:43:49] PartyPickup 14186 Forgotten Scroll - Lightning Shock (1)[268484177] VAXIP[268481670] 1
[22.04.21 20:43:51] PartyPickup 14178 Forgotten Scroll - Flame Hawk (1)[268484186] VAXIP[268481670] 1
[22.04.21 20:43:52] PartyPickup 14105 Sealed Vesper Breastplate (1)[268484143] VAXIP[268481670] 1
[22.04.21 20:43:52] PartyPickup 14117 Sealed Vesper Shoes (1)[268484144] VAXIP[268481670] 1
[22.04.21 20:43:53] PartyPickup 14176 Forgotten Scroll - Wind Riding (1)[268484181] VAXIP[268481670] 1
[22.04.21 20:43:53] PartyPickup 14181 Forgotten Scroll - Dread Pool (1)[268484173] VAXIP[268481670] 1
[22.04.21 20:43:54] PartyPickup 14107 Sealed Vesper Tunic (1)[268484142] VAXIP[268481670] 1
[22.04.21 20:43:55] PartyPickup 15709 Sealed Moirai Sigil  (1)[268484154] VAXIP[268481670] 1
[22.04.21 20:43:55] PartyPickup 14183 Forgotten Scroll - Demolition Impact (1)[268484183] VAXIP[268481670] 1
[22.04.21 20:43:56] PartyPickup 14162 Sealed Vesper Ring (1)[268484168] VAXIP[268481670] 1
[22.04.21 20:43:56] PartyPickup 14185 Forgotten Scroll - Wild Shot (1)[268484175] VAXIP[268481670] 1
[22.04.21 20:43:57] PartyPickup 13143 Sealed Vesper Helmet (1)[268484149] VAXIP[268481670] 1
[22.04.21 20:43:57] PartyPickup 13144 Sealed Vesper Leather Helmet (1)[268484147] VAXIP[268481670] 1
[22.04.21 20:43:58] PartyPickup 14111 Sealed Vesper Shield (1)[268484145] VAXIP[268481670] 1
[22.04.21 20:43:59] PartyPickup 15697 Sealed Moirai Breastplate  (1)[268484161] VAXIP[268481670] 1
[22.04.21 20:43:59] PartyPickup 14173 Forgotten Scroll - Eva's Will / Touch of Eva (1)[268484184] VAXIP[268481670] 1
[22.04.21 20:44:00] PartyPickup 21713 Sealed Cloak of Zaken (1)[268484194] VAXIP[268481670] 1
[22.04.21 20:44:01] PartyPickup 14184 Forgotten Scroll - Golem Armor (1)[268484179] VAXIP[268481670] 1
[22.04.21 20:44:01] PartyPickup 16162 High-Grade Life Stone - level 85 (4)[268484189] VAXIP[268481670] 4
[22.04.21 20:44:02] PartyPickup 14112 Sealed Vesper Leather Leggings (1)[268484146] VAXIP[268481670] 1
[22.04.21 20:44:02] PartyPickup 14188 Forgotten Scroll - Frost Armor (1)[268484180] VAXIP[268481670] 1
[22.04.21 20:44:03] PartyPickup 14116 Sealed Vesper Gloves (1)[268484150] VAXIP[268481670] 1
[22.04.21 20:44:03] PartyPickup 14172 Forgotten Scroll - Spirit of Phoenix (1)[268484178] VAXIP[268481670] 1
[22.04.21 20:44:04] PartyPickup 15694 Sealed Moirai Helmet  (1)[268484162] VAXIP[268481670] 1
[22.04.21 20:44:07] PartyPickup 14171 Forgotten Scroll - Hell Scream (1)[268484174] VAXIP[268481670] 1
[22.04.21 20:44:08] Delete 14188 Forgotten Scroll - Frost Armor (1)[268484180] VAXIP[268481670] 1
[22.04.21 20:44:10] Delete 14172 Forgotten Scroll - Spirit of Phoenix (1)[268484178] VAXIP[268481670] 1
[22.04.21 20:44:13] Delete 14171 Forgotten Scroll - Hell Scream (1)[268484174] VAXIP[268481670] 1
[22.04.21 20:44:15] Delete 14184 Forgotten Scroll - Golem Armor (1)[268484179] VAXIP[268481670] 1
[22.04.21 20:44:25] PartyPickup 15699 Sealed Moirai Tunic  (1)[268484158] VAXIP[268481670] 1
[22.04.21 20:44:30] PartyPickup 15696 Sealed Moirai Circlet  (1)[268484152] VAXIP[268481670] 1
[22.04.21 20:44:42] Delete 14175 Forgotten Scroll - Exciting Adventure (1)[268484176] VAXIP[268481670] 1
[22.04.21 20:44:44] Delete 14186 Forgotten Scroll - Lightning Shock (1)[268484177] VAXIP[268481670] 1
[22.04.21 20:44:47] Delete 14178 Forgotten Scroll - Flame Hawk (1)[268484186] VAXIP[268481670] 1
[22.04.21 20:44:49] Delete 14176 Forgotten Scroll - Wind Riding (1)[268484181] VAXIP[268481670] 1
[22.04.21 20:44:51] Delete 14170 Forgotten Scroll - Seed of Revenge (1)[268484182] VAXIP[268481670] 1
[22.04.21 20:44:54] Delete 14183 Forgotten Scroll - Demolition Impact (1)[268484183] VAXIP[268481670] 1
[22.04.21 20:44:56] Delete 14185 Forgotten Scroll - Wild Shot (1)[268484175] VAXIP[268481670] 1
[22.04.21 20:44:57] Delete 14177 Forgotten Scroll - Ghost Walking (1)[268484172] VAXIP[268481670] 1
[22.04.21 20:44:59] Delete 14173 Forgotten Scroll - Eva's Will / Touch of Eva (1)[268484184] VAXIP[268481670] 1
[22.04.21 20:45:00] Delete 14179 Forgotten Scroll - Arrow Rain (1)[268484187] VAXIP[268481670] 1
[22.04.21 20:45:02] Delete 14181 Forgotten Scroll - Dread Pool (1)[268484173] VAXIP[268481670] 1
[22.04.21 20:45:04] Delete 14187 Forgotten Scroll - Flame Armor (1)[268484185] VAXIP[268481670] 1
[22.04.21 20:46:10] PartyPickup 15701 Sealed Moirai Leather Legging  (1)[268484164] VAXIP[268481670] 1
[22.04.21 20:46:12] PartyPickup 15708 Sealed Moirai Shoes  (1)[268484160] VAXIP[268481670] 1
[22.04.21 20:46:15] PartyPickup 15703 Sealed Moirai Gauntlet  (1)[268484155] VAXIP[268481670] 1
[22.04.21 20:46:19] PartyPickup 14114 Sealed Vesper Leather Boots (1)[268484148] VAXIP[268481670] 1
[22.04.21 20:46:28] PartyPickup 14115 Sealed Vesper Stockings (1)[268484141] VAXIP[268481670] 1
[22.04.21 20:46:29] PartyPickup 15700 Sealed Moirai Gaiter  (1)[268484159] VAXIP[268481670] 1
[22.04.21 20:46:32] PartyPickup 15705 Sealed Moirai Gloves  (1)[268484157] VAXIP[268481670] 1
[22.04.21 20:48:51] RefundSell 15699 Sealed Moirai Tunic  (1)[268484158] VAXIP[268481670] 1
[22.04.21 20:48:51] RefundSell 15710 Sealed Moirai Shield  (1)[268484163] VAXIP[268481670] 1
[22.04.21 20:48:51] RefundSell 14111 Sealed Vesper Shield (1)[268484145] VAXIP[268481670] 1
[22.04.21 20:48:51] RefundSell 15707 Sealed Moirai Leather Boots  (1)[268484151] VAXIP[268481670] 1
[22.04.21 20:48:51] RefundSell 15709 Sealed Moirai Sigil  (1)[268484154] VAXIP[268481670] 1
[22.04.21 20:48:51] RefundSell 15702 Sealed Moirai Stockings  (1)[268484165] VAXIP[268481670] 1
[22.04.21 20:48:51] RefundSell 15695 Sealed Moirai Leather Helmet  (1)[268484156] VAXIP[268481670] 1
[22.04.21 20:48:51] RefundSell 15696 Sealed Moirai Circlet  (1)[268484152] VAXIP[268481670] 1
[22.04.21 20:48:51] RefundSell 15694 Sealed Moirai Helmet  (1)[268484162] VAXIP[268481670] 1
[22.04.21 20:48:51] RefundSell 15704 Sealed Moirai Leather Gloves  (1)[268484166] VAXIP[268481670] 1
[22.04.21 20:48:51] RefundSell 15701 Sealed Moirai Leather Legging  (1)[268484164] VAXIP[268481670] 1
[22.04.21 20:48:51] RefundSell 15708 Sealed Moirai Shoes  (1)[268484160] VAXIP[268481670] 1
[22.04.21 20:48:51] RefundSell 15703 Sealed Moirai Gauntlet  (1)[268484155] VAXIP[268481670] 1
[22.04.21 20:48:51] RefundSell 14115 Sealed Vesper Stockings (1)[268484141] VAXIP[268481670] 1
[22.04.21 20:48:51] RefundSell 15700 Sealed Moirai Gaiter  (1)[268484159] VAXIP[268481670] 1
[22.04.21 20:48:51] RefundSell 15705 Sealed Moirai Gloves  (1)[268484157] VAXIP[268481670] 1
[22.04.21 20:49:58] WarehouseDeposit 15697 Sealed Moirai Breastplate  (1)[268484161] VAXIP[268481670] 1
[22.04.21 20:49:58] WarehouseDeposit 13143 Sealed Vesper Helmet (1)[268484149] VAXIP[268481670] 1
[22.04.21 20:49:58] WarehouseDeposit 13144 Sealed Vesper Leather Helmet (1)[268484147] VAXIP[268481670] 1
[22.04.21 20:49:58] WarehouseDeposit 14105 Sealed Vesper Breastplate (1)[268484143] VAXIP[268481670] 1
[22.04.21 20:49:58] WarehouseDeposit 14107 Sealed Vesper Tunic (1)[268484142] VAXIP[268481670] 1
[22.04.21 20:49:58] WarehouseDeposit 14112 Sealed Vesper Leather Leggings (1)[268484146] VAXIP[268481670] 1
[22.04.21 20:49:58] WarehouseDeposit 14113 Sealed Vesper Leather Gloves (1)[268484140] VAXIP[268481670] 1
[22.04.21 20:49:58] WarehouseDeposit 14114 Sealed Vesper Leather Boots (1)[268484148] VAXIP[268481670] 1
[22.04.21 20:49:58] WarehouseDeposit 14116 Sealed Vesper Gloves (1)[268484150] VAXIP[268481670] 1
[22.04.21 20:49:58] WarehouseDeposit 14117 Sealed Vesper Shoes (1)[268484144] VAXIP[268481670] 1
[22.04.21 20:49:58] WarehouseDeposit 14160 Sealed Vesper Earring (1)[268484167] VAXIP[268481670] 1
[22.04.21 20:49:58] WarehouseDeposit 14161 Sealed Vesper Necklace (1)[268484169] VAXIP[268481670] 1
[22.04.21 20:49:58] WarehouseDeposit 14162 Sealed Vesper Ring (1)[268484168] VAXIP[268481670] 1
[22.04.21 21:00:12] PartyPickup 9992 Sealed Dynasty Necklace Gemstone (29)[268484965] VAXIP[268481670] 29
[22.04.21 21:00:12] PartyPickup 9991 Sealed Dynasty Earring Gemstone (15)[268484966] VAXIP[268481670] 15
[22.04.21 21:00:12] PartyPickup 9454 Sealed Dynasty Ring (1)[268484967] VAXIP[268481670] 1
[22.04.21 21:00:12] PartyPickup 9452 Sealed Dynasty Earring (1)[268484968] VAXIP[268481670] 1
[22.04.21 21:00:12] PartyPickup 9993 Sealed Dynasty Ring Gemstone (100)[268484969] VAXIP[268481670] 100
[22.04.21 21:00:12] PartyPickup 9453 Sealed Dynasty Necklace (1)[268484970] VAXIP[268481670] 1
[22.04.21 21:00:12] PartyPickup 9617 Dynasty Blade Piece (20)[268484972] VAXIP[268481670] 20
[22.04.21 21:00:12] PartyPickup 9616 Dynasty Sword Piece (7)[268484973] VAXIP[268481670] 7
[22.04.21 21:00:12] PartyPickup 9618 Dynasty Phantom Piece (5)[268484974] VAXIP[268481670] 5
[22.04.21 21:00:12] PartyPickup 960 Scroll: Enchant Armor (S) (3)[268484975] VAXIP[268481670] 3
[22.04.21 21:00:12] PartyPickup 6577 Blessed Scroll: Enchant Weapon (S) (1)[268484976] VAXIP[268481670] 1
[22.04.21 21:00:12] PartyPickup 959 Scroll: Enchant Weapon (S) (1)[268484977] VAXIP[268481670] 1
[22.04.21 21:00:12] PartyPickup 15341 Guiding Tea Leaves (3)[268484979] VAXIP[268481670] 3
[22.04.21 21:07:45] PartyPickup 4037 Coin of Luck (2)[268485469] VAXIP[268481670] 2
[22.04.21 21:09:04] PartyPickup 1895 Metallic Fiber (22)[268485577] admin[268481667] 22
[22.04.21 21:09:04] PartyPickup 4040 Mold Lubricant (1)[268485578] admin[268481667] 1
[22.04.21 21:09:04] PartyPickup 4037 Coin of Luck (2)[268485579] admin[268481667] 2
[22.04.21 21:09:08] PartyPickup 9533 Sealed Dynasty Gauntlet Piece (1)[268485583] admin[268481667] 1
[22.04.21 21:09:08] PartyPickup 1879 Cokes (10)[268485584] admin[268481667] 10
[22.04.21 21:09:08] PartyPickup 1885 High Grade Suede (7)[268485585] admin[268481667] 7
[22.04.21 21:09:08] PartyPickup 4037 Coin of Luck (3)[268485586] admin[268481667] 3
[22.04.21 21:09:13] PartyPickup 1895 Metallic Fiber (347)[268485593] admin[268481667] 347
[22.04.21 21:09:13] PartyPickup 9551 Divine Stone (1)[268485594] admin[268481667] 1
[22.04.21 21:09:13] PartyPickup 9628 Leonard (14)[268485595] admin[268481667] 14
[22.04.21 21:09:13] PartyPickup 4040 Mold Lubricant (25)[268485596] admin[268481667] 25
[22.04.21 21:09:13] PartyPickup 9630 Orichalcum (6)[268485597] admin[268481667] 6
[22.04.21 21:09:13] PartyPickup 4037 Coin of Luck (3)[268485598] admin[268481667] 3
[22.04.21 21:09:14] PartyPickup 9541 Sealed Dynasty Stocking Piece (1)[268485600] admin[268481667] 1
[22.04.21 21:09:14] PartyPickup 1895 Metallic Fiber (31)[268485601] admin[268481667] 31
[22.04.21 21:09:14] PartyPickup 4037 Coin of Luck (1)[268485602] admin[268481667] 1
[22.04.21 21:09:16] PartyPickup 1895 Metallic Fiber (23)[268485609] admin[268481667] 23
[22.04.21 21:09:16] PartyPickup 4040 Mold Lubricant (1)[268485610] admin[268481667] 1
[22.04.21 21:09:16] PartyPickup 4037 Coin of Luck (2)[268485611] admin[268481667] 2
[22.04.21 21:09:21] PartyPickup 9543 Sealed Dynasty Glove Piece (1)[268485614] admin[268481667] 1
[22.04.21 21:09:21] PartyPickup 9534 Sealed Dynasty Boot Piece (1)[268485615] admin[268481667] 1
[22.04.21 21:09:21] PartyPickup 1885 High Grade Suede (8)[268485616] admin[268481667] 8
[22.04.21 21:09:21] PartyPickup 1879 Cokes (9)[268485617] admin[268481667] 9
[22.04.21 21:09:21] PartyPickup 9628 Leonard (1)[268485618] admin[268481667] 1
[22.04.21 21:09:21] PartyPickup 4037 Coin of Luck (1)[268485619] admin[268481667] 1
[22.04.21 21:09:23] PartyPickup 9628 Leonard (2)[268485622] admin[268481667] 2
[22.04.21 21:09:23] PartyPickup 1895 Metallic Fiber (8)[268485623] admin[268481667] 8
[22.04.21 21:09:23] PartyPickup 4040 Mold Lubricant (1)[268485625] admin[268481667] 1
[22.04.21 21:09:23] PartyPickup 4037 Coin of Luck (2)[268485626] admin[268481667] 2
[22.04.21 21:09:24] PartyPickup 1895 Metallic Fiber (17)[268485639] admin[268481667] 17
[22.04.21 21:09:24] PartyPickup 9628 Leonard (1)[268485640] admin[268481667] 1
[22.04.21 21:09:26] PartyPickup 1895 Metallic Fiber (18)[268485641] admin[268481667] 18
[22.04.21 21:09:26] PartyPickup 4040 Mold Lubricant (1)[268485642] admin[268481667] 1
[22.04.21 21:09:26] PartyPickup 9628 Leonard (1)[268485643] admin[268481667] 1
[22.04.21 21:09:26] PartyPickup 4037 Coin of Luck (1)[268485644] admin[268481667] 1
[22.04.21 21:09:29] PartyPickup 1895 Metallic Fiber (24)[268485647] admin[268481667] 24
[22.04.21 21:09:29] PartyPickup 6901 Recipe: Shining Arrow (100%) (1)[268485648] admin[268481667] 1
[22.04.21 21:09:29] PartyPickup 4040 Mold Lubricant (1)[268485649] admin[268481667] 1
[22.04.21 21:09:29] PartyPickup 4037 Coin of Luck (2)[268485651] admin[268481667] 2
[22.04.21 21:09:40] PartyPickup 9543 Sealed Dynasty Glove Piece (1)[268485655] admin[268481667] 1
[22.04.21 21:09:40] PartyPickup 1879 Cokes (14)[268485656] admin[268481667] 14
[22.04.21 21:09:40] PartyPickup 9628 Leonard (2)[268485657] admin[268481667] 2
[22.04.21 21:09:40] PartyPickup 1885 High Grade Suede (5)[268485658] admin[268481667] 5
[22.04.21 21:09:40] PartyPickup 9630 Orichalcum (1)[268485659] admin[268481667] 1
[22.04.21 21:09:40] PartyPickup 4037 Coin of Luck (2)[268485660] admin[268481667] 2
[22.04.21 21:09:40] PartyPickup 9539 Sealed Dynasty Leather Boots Piece (1)[268485663] admin[268481667] 1
[22.04.21 21:09:40] PartyPickup 1879 Cokes (13)[268485664] admin[268481667] 13
[22.04.21 21:09:40] PartyPickup 1885 High Grade Suede (3)[268485665] admin[268481667] 3
[22.04.21 21:09:40] PartyPickup 4037 Coin of Luck (1)[268485666] admin[268481667] 1
[22.04.21 21:09:42] PartyPickup 1879 Cokes (12)[268485669] admin[268481667] 12
[22.04.21 21:09:42] PartyPickup 9628 Leonard (2)[268485670] admin[268481667] 2
[22.04.21 21:09:42] PartyPickup 9630 Orichalcum (1)[268485671] admin[268481667] 1
[22.04.21 21:09:42] PartyPickup 1885 High Grade Suede (4)[268485672] admin[268481667] 4
[22.04.21 21:09:42] PartyPickup 9629 Adamantine (1)[268485673] admin[268481667] 1
[22.04.21 21:09:42] PartyPickup 9547 Water Stone (1)[268485674] admin[268481667] 1
[22.04.21 21:09:42] PartyPickup 4037 Coin of Luck (1)[268485675] admin[268481667] 1
[22.04.21 21:09:45] PartyPickup 9543 Sealed Dynasty Glove Piece (1)[268485679] admin[268481667] 1
[22.04.21 21:09:45] PartyPickup 1885 High Grade Suede (8)[268485680] admin[268481667] 8
[22.04.21 21:09:45] PartyPickup 1879 Cokes (11)[268485681] admin[268481667] 11
[22.04.21 21:09:45] PartyPickup 9628 Leonard (1)[268485682] admin[268481667] 1
[22.04.21 21:09:45] PartyPickup 9630 Orichalcum (1)[268485683] admin[268481667] 1
[22.04.21 21:09:45] PartyPickup 4037 Coin of Luck (2)[268485685] admin[268481667] 2
[22.04.21 21:10:00] PartyPickup 1895 Metallic Fiber (19)[268485705] admin[268481667] 19
[22.04.21 21:10:00] PartyPickup 9630 Orichalcum (1)[268485706] admin[268481667] 1
[22.04.21 21:10:00] PartyPickup 4040 Mold Lubricant (2)[268485707] admin[268481667] 2
[22.04.21 21:10:00] PartyPickup 4037 Coin of Luck (3)[268485708] admin[268481667] 3
[22.04.21 21:10:17] PartyPickup 1895 Metallic Fiber (17)[268485728] admin[268481667] 17
[22.04.21 21:10:17] PartyPickup 4040 Mold Lubricant (2)[268485729] admin[268481667] 2
[22.04.21 21:10:17] PartyPickup 4037 Coin of Luck (1)[268485730] admin[268481667] 1
[22.04.21 21:10:21] PartyPickup 9544 Sealed Dynasty Shoes Piece (1)[268485743] admin[268481667] 1
[22.04.21 21:10:21] PartyPickup 9533 Sealed Dynasty Gauntlet Piece (1)[268485744] admin[268481667] 1
[22.04.21 21:10:21] PartyPickup 1885 High Grade Suede (6)[268485745] admin[268481667] 6
[22.04.21 21:10:21] PartyPickup 1879 Cokes (8)[268485746] admin[268481667] 8
[22.04.21 21:10:21] PartyPickup 9629 Adamantine (2)[268485747] admin[268481667] 2
[22.04.21 21:10:21] PartyPickup 4037 Coin of Luck (1)[268485748] admin[268481667] 1
[22.04.21 21:10:23] PartyPickup 1885 High Grade Suede (9)[268485752] admin[268481667] 9
[22.04.21 21:10:23] PartyPickup 1879 Cokes (10)[268485753] admin[268481667] 10
[22.04.21 21:10:23] PartyPickup 9547 Water Stone (1)[268485754] admin[268481667] 1
[22.04.21 21:10:23] PartyPickup 4037 Coin of Luck (1)[268485755] admin[268481667] 1
[22.04.21 21:10:24] PartyPickup 9540 Sealed Dynasty Tunic Piece (1)[268485777] admin[268481667] 1
[22.04.21 21:10:24] PartyPickup 1895 Metallic Fiber (38)[268485778] admin[268481667] 38
[22.04.21 21:10:24] PartyPickup 9628 Leonard (1)[268485779] admin[268481667] 1
[22.04.21 21:10:24] PartyPickup 4037 Coin of Luck (1)[268485780] admin[268481667] 1
[22.04.21 21:10:25] PartyPickup 9540 Sealed Dynasty Tunic Piece (1)[268485782] admin[268481667] 1
[22.04.21 21:10:25] PartyPickup 1895 Metallic Fiber (20)[268485783] admin[268481667] 20
[22.04.21 21:10:25] PartyPickup 4040 Mold Lubricant (1)[268485784] admin[268481667] 1
[22.04.21 21:10:25] PartyPickup 9630 Orichalcum (1)[268485785] admin[268481667] 1
[22.04.21 21:10:25] PartyPickup 4037 Coin of Luck (3)[268485786] admin[268481667] 3
[22.04.21 21:10:29] PartyPickup 9538 Sealed Dynasty Leather Glove Piece (1)[268485797] admin[268481667] 1
[22.04.21 21:10:29] PartyPickup 1885 High Grade Suede (10)[268485798] admin[268481667] 10
[22.04.21 21:10:29] PartyPickup 1879 Cokes (9)[268485800] admin[268481667] 9
[22.04.21 21:10:29] PartyPickup 9628 Leonard (1)[268485806] admin[268481667] 1
[22.04.21 21:10:29] PartyPickup 9630 Orichalcum (1)[268485807] admin[268481667] 1
[22.04.21 21:10:29] PartyPickup 4037 Coin of Luck (1)[268485808] admin[268481667] 1
[22.04.21 21:12:15] PartyPickup 9530 Sealed Dynasty Breast Plate Piece (1)[268485971] VAXIP[268481670] 1
[22.04.21 21:13:59] PartyPickup 9549 Wind Stone (1)[268486045] VAXIP[268481670] 1
[22.04.21 21:20:15] Drop 7267 Floating Stone (1)[268486135] admin[268481667] 1
[22.04.21 21:20:24] PartyPickup 7267 Floating Stone (1)[268486135] VAXIP[268481670] 1
[22.04.21 21:22:41] PartyPickup 4037 Coin of Luck (2)[268486166] VAXIP[268481670] 2
[22.04.21 21:22:42] PartyPickup 6655 Scroll: Slay Valakas (72)[268486162] admin[268481667] 72
[22.04.21 21:22:44] PartyPickup 4037 Coin of Luck (3)[268486158] VAXIP[268481670] 3
[22.04.21 21:22:46] PartyPickup 4037 Coin of Luck (1)[268486169] VAXIP[268481670] 1
[22.04.21 21:22:48] PartyPickup 6652 Scroll: Protection of Valakas (26)[268486161] VAXIP[268481670] 26
[22.04.21 21:22:49] PartyPickup 6654 Scroll: Flames of Valakas (49)[268486164] VAXIP[268481670] 49
[22.04.21 21:23:10] PartyPickup 1879 Cokes (6)[268486198] admin[268481667] 6
[22.04.21 21:23:10] PartyPickup 9629 Adamantine (1)[268486199] admin[268481667] 1
[22.04.21 21:23:10] PartyPickup 1885 High Grade Suede (3)[268486200] admin[268481667] 3
[22.04.21 21:23:10] PartyPickup 4037 Coin of Luck (2)[268486201] admin[268481667] 2
[22.04.21 21:23:24] PartyPickup 1885 High Grade Suede (3)[268486250] admin[268481667] 3
[22.04.21 21:23:24] PartyPickup 1879 Cokes (6)[268486251] admin[268481667] 6
[22.04.21 21:23:24] PartyPickup 9629 Adamantine (1)[268486252] admin[268481667] 1
[22.04.21 21:23:24] PartyPickup 9574 Mid-Grade Life Stone: level 80 (1)[268486253] admin[268481667] 1
[22.04.21 21:23:24] PartyPickup 4037 Coin of Luck (2)[268486254] admin[268481667] 2
[22.04.21 21:29:19] Delete 9453 Sealed Dynasty Necklace (1)[268484970] VAXIP[268481670] 1
[22.04.21 21:29:20] Delete 9452 Sealed Dynasty Earring (1)[268484968] VAXIP[268481670] 1
[22.04.21 21:29:23] Delete 9454 Sealed Dynasty Ring (1)[268484967] VAXIP[268481670] 1
[22.04.21 21:29:25] Delete 6652 Scroll: Protection of Valakas (26)[268486161] VAXIP[268481670] 26
[22.04.21 21:29:27] Delete 9616 Dynasty Sword Piece (7)[268484973] VAXIP[268481670] 7
[22.04.21 21:29:31] Delete 9617 Dynasty Blade Piece (20)[268484972] VAXIP[268481670] 20
[22.04.21 21:29:32] Drop 21713 Sealed Cloak of Zaken (1)[268484192] VAXIP[268481670] 1
[22.04.21 21:29:36] Delete 9618 Dynasty Phantom Piece (5)[268484974] VAXIP[268481670] 5
[22.04.21 21:29:38] PartyPickup 21713 Sealed Cloak of Zaken (1)[268484192] admin[268481667] 1
[22.04.21 21:29:39] Delete 1146 Squire's Shirt (1)[268481676] VAXIP[268481670] 1
[22.04.21 21:29:47] Delete 9992 Sealed Dynasty Necklace Gemstone (29)[268484965] VAXIP[268481670] 29
[22.04.21 21:29:49] Drop 21713 Sealed Cloak of Zaken (1)[268484192] admin[268481667] 1
[22.04.21 21:29:50] Delete 9993 Sealed Dynasty Ring Gemstone (100)[268484969] VAXIP[268481670] 100
[22.04.21 21:29:55] PartyPickup 21713 Sealed Cloak of Zaken (1)[268484192] VAXIP[268481670] 1
[22.04.21 21:30:00] Delete 9991 Sealed Dynasty Earring Gemstone (15)[268484966] VAXIP[268481670] 15
[22.04.21 21:48:08] PartyPickup 4037 Coin of Luck (2)[268486947] admin[268481667] 2
[22.04.21 21:49:54] PartyPickup 16162 High-Grade Life Stone - level 85 (4)[268487014] VAXIP[268481670] 4
[22.04.21 21:49:55] PartyPickup 15756 Sealed Vorpal Leather Boots (1)[268486994] VAXIP[268481670] 1
[22.04.21 21:49:56] PartyPickup 15562 Feather Eye Blade (1)[268486974] VAXIP[268481670] 1
[22.04.21 21:50:02] PartyPickup 15755 Sealed Vorpal Boots (1)[268486991] VAXIP[268481670] 1
[22.04.21 21:50:03] PartyPickup 15548 Lava Saw (1)[268486976] VAXIP[268481670] 1
[22.04.21 21:50:04] PartyPickup 15546 Eversor Mace (1)[268486977] VAXIP[268481670] 1
[22.04.21 21:50:07] PartyPickup 15752 Sealed Vorpal Gauntlet (1)[268486986] VAXIP[268481670] 1
[22.04.21 21:50:09] PartyPickup 15567 Veniplant Sword (1)[268486969] VAXIP[268481670] 1
[22.04.21 21:50:14] PartyPickup 15547 Contristo Hammer (1)[268486979] VAXIP[268481670] 1
[22.04.21 21:50:17] PartyPickup 15561 Devilish Maul (1)[268486970] VAXIP[268481670] 1
[22.04.21 21:50:48] PartyPickup 15559 Skull Edge (1)[268486964] VAXIP[268481670] 1
[22.04.21 21:50:49] PartyPickup 15563 Octo Claw (1)[268486965] VAXIP[268481670] 1
[22.04.21 21:50:49] PartyPickup 15764 Sealed Vorpal Earring (1)[268487007] VAXIP[268481670] 1
[22.04.21 21:50:50] PartyPickup 15554 Recurve Thorne Bow (1)[268486983] VAXIP[268481670] 1
[22.04.21 21:50:51] PartyPickup 15748 Sealed Vorpal Tunic (1)[268487005] VAXIP[268481670] 1
[22.04.21 21:50:55] PartyPickup 15749 Sealed Vorpal Gaiter (1)[268487004] VAXIP[268481670] 1
[22.04.21 21:50:56] PartyPickup 6657 Necklace of Valakas (1)[268487018] VAXIP[268481670] 1
[22.04.21 21:50:57] PartyPickup 16167 Top-Grade Life Stone - level 86 (2)[268487016] VAXIP[268481670] 2
[22.04.21 21:50:59] PartyPickup 16166 High-Grade Life Stone - level 86 (3)[268487015] VAXIP[268481670] 3
[22.04.21 21:51:02] PartyPickup 15751 Sealed Vorpal Stockings (1)[268487003] VAXIP[268481670] 1
[22.04.21 21:51:03] PartyPickup 16163 Top-Grade Life Stone - level 85 (1)[268487017] VAXIP[268481670] 1
[22.04.21 21:51:08] PartyPickup 15564 Doubletop Spear (1)[268486967] VAXIP[268481670] 1
[22.04.21 21:51:27] PartyPickup 15750 Sealed Vorpal Leather Legging (1)[268487000] VAXIP[268481670] 1
[22.04.21 21:51:28] PartyPickup 15746 Sealed Vorpal Breastplate (1)[268486999] VAXIP[268481670] 1
[22.04.21 21:51:38] PartyPickup 15558 Periel Sword (1)[268486962] VAXIP[268481670] 1
[22.04.21 21:51:50] Delete 15559 Skull Edge (1)[268486964] VAXIP[268481670] 1
[22.04.21 21:51:53] Delete 15567 Veniplant Sword (1)[268486969] VAXIP[268481670] 1
[22.04.21 21:52:15] PartyPickup 15744 Sealed Vorpal Leather Helmet (1)[268486997] VAXIP[268481670] 1
[22.04.21 21:52:20] PartyPickup 959 Scroll: Enchant Weapon (S) (11)[268487009] VAXIP[268481670] 11
[22.04.21 21:53:51] PartyPickup 15549 Jade Claw (1)[268486981] VAXIP[268481670] 1
[22.04.21 21:54:03] Delete 6654 Scroll: Flames of Valakas (44)[268486164] VAXIP[268481670] 44
[22.04.21 21:55:46] WarehouseDeposit 10450 Icarus Trident \Critical Stun\ (1)[268484277] VAXIP[268481670] 1
[22.04.21 21:55:46] WarehouseDeposit 15546 Eversor Mace (1)[268486977] VAXIP[268481670] 1
[22.04.21 21:55:46] WarehouseDeposit 15548 Lava Saw (1)[268486976] VAXIP[268481670] 1
[22.04.21 21:55:46] WarehouseDeposit 15549 Jade Claw (1)[268486981] VAXIP[268481670] 1
[22.04.21 21:55:46] WarehouseDeposit 15554 Recurve Thorne Bow (1)[268486983] VAXIP[268481670] 1
[22.04.21 21:55:46] WarehouseDeposit 15558 Periel Sword (1)[268486962] VAXIP[268481670] 1
[22.04.21 21:55:46] WarehouseDeposit 15561 Devilish Maul (1)[268486970] VAXIP[268481670] 1
[22.04.21 21:55:46] WarehouseDeposit 15562 Feather Eye Blade (1)[268486974] VAXIP[268481670] 1
[22.04.21 21:55:46] WarehouseDeposit 15563 Octo Claw (1)[268486965] VAXIP[268481670] 1
[22.04.21 21:55:46] WarehouseDeposit 15564 Doubletop Spear (1)[268486967] VAXIP[268481670] 1
[22.04.21 21:55:46] WarehouseDeposit 1147 Squire's Pants (1)[268481672] VAXIP[268481670] 1
[22.04.21 21:55:46] WarehouseDeposit 15744 Sealed Vorpal Leather Helmet (1)[268486997] VAXIP[268481670] 1
[22.04.21 21:55:46] WarehouseDeposit 15746 Sealed Vorpal Breastplate (1)[268486999] VAXIP[268481670] 1
[22.04.21 21:55:46] WarehouseDeposit 15748 Sealed Vorpal Tunic (1)[268487005] VAXIP[268481670] 1
[22.04.21 21:55:46] WarehouseDeposit 15749 Sealed Vorpal Gaiter (1)[268487004] VAXIP[268481670] 1
[22.04.21 21:55:46] WarehouseDeposit 15750 Sealed Vorpal Leather Legging (1)[268487000] VAXIP[268481670] 1
[22.04.21 21:55:46] WarehouseDeposit 15751 Sealed Vorpal Stockings (1)[268487003] VAXIP[268481670] 1
[22.04.21 21:55:46] WarehouseDeposit 15752 Sealed Vorpal Gauntlet (1)[268486986] VAXIP[268481670] 1
[22.04.21 21:55:46] WarehouseDeposit 15755 Sealed Vorpal Boots (1)[268486991] VAXIP[268481670] 1
[22.04.21 21:55:46] WarehouseDeposit 15756 Sealed Vorpal Leather Boots (1)[268486994] VAXIP[268481670] 1
[22.04.21 21:55:46] WarehouseDeposit 6657 Necklace of Valakas (1)[268487018] VAXIP[268481670] 1
[22.04.21 21:55:46] WarehouseDeposit 15764 Sealed Vorpal Earring (1)[268487007] VAXIP[268481670] 1
[22.04.21 21:57:09] PartyPickup 14052 Noble Enhancement Stone (6)[268487130] VAXIP[268481670] 6
[22.04.21 22:02:18] PartyPickup 9514 Sealed Dynasty Breast Plate (1)[268487694] VAXIP[268481670] 1
[22.04.21 22:02:19] PartyPickup 3936 Blessed Scroll of Resurrection (24)[268487695] VAXIP[268481670] 24
