[11.04.21 19:19:39:559]  INFO gameserver.GameServer: =================================================
[11.04.21 19:19:39:561]  INFO gameserver.GameServer: Revision: ................ ${build.revision}
[11.04.21 19:19:39:562]  INFO gameserver.GameServer: Build date: .............. 2013.08.29 00:09
[11.04.21 19:19:39:562]  INFO gameserver.GameServer: Compiler version: ........ 1.7.0_25-b16 (Oracle Corporation)
[11.04.21 19:19:39:562]  INFO gameserver.GameServer: =================================================
[11.04.21 19:19:39:610] ERROR gameserver.Config: Error loading config : Phantoms.ini!
[11.04.21 19:19:39:633]  INFO gameserver.Config: Abuse: Loaded 18 abuse words.
[11.04.21 19:19:39:677]  INFO gameserver.Config: Gameserver Version: 2145, build date: 2013.01.30 20:24
[11.04.21 19:19:39:866]  INFO idfactory.IdFactory: IdFactory: Clear characters online status.
[11.04.21 19:19:39:874]  INFO idfactory.IdFactory: IdFactory: Extracted 7 used id's from characters
[11.04.21 19:19:39:887]  INFO idfactory.IdFactory: IdFactory: Extracted 863 used id's from items
[11.04.21 19:19:39:896]  INFO idfactory.IdFactory: IdFactory: Extracted 2 used id's from clan_data
[11.04.21 19:19:39:910]  INFO idfactory.IdFactory: IdFactory: Extracted total 872 used id's.
[11.04.21 19:19:39:910]  INFO idfactory.BitSetIDFactory: IdFactory: 102912 id's available.
[11.04.21 19:19:40:124]  INFO scripts.Scripts: Scripts: Loading...
[11.04.21 19:19:40:602]  INFO scripts.Scripts: Scripts: Loaded 1199 classes.
[11.04.21 19:19:40:613]  INFO geodata.GeoEngine: GeoEngine: Loading Geodata...
[11.04.21 19:19:40:616]  INFO geodata.GeoEngine: GeoEngine: Loading: geodata/11_23.l2j
[11.04.21 19:19:40:640]  INFO geodata.GeoEngine: GeoEngine: Loading: geodata/11_24.l2j
[11.04.21 19:19:40:651]  INFO geodata.GeoEngine: GeoEngine: Loading: geodata/11_25.l2j
[11.04.21 19:19:40:662]  INFO geodata.GeoEngine: GeoEngine: Loading: geodata/11_26.l2j
[11.04.21 19:19:40:678]  INFO geodata.GeoEngine: GeoEngine: Loading: geodata/12_23.l2j
[11.04.21 19:19:40:685]  INFO geodata.GeoEngine: GeoEngine: Loading: geodata/12_24.l2j
[11.04.21 19:19:40:771]  INFO geodata.GeoEngine: GeoEngine: Loading: geodata/12_25.l2j
[11.04.21 19:19:40:828]  INFO geodata.GeoEngine: GeoEngine: Loading: geodata/12_26.l2j
[11.04.21 19:19:40:836]  INFO geodata.GeoEngine: GeoEngine: Loading: geodata/13_21.l2j
[11.04.21 19:19:40:847]  INFO geodata.GeoEngine: GeoEngine: Loading: geodata/13_22.l2j
[11.04.21 19:19:40:858]  INFO geodata.GeoEngine: GeoEngine: Loading: geodata/13_23.l2j
[11.04.21 19:19:40:883]  INFO geodata.GeoEngine: GeoEngine: Loading: geodata/13_24.l2j
[11.04.21 19:19:40:960]  INFO geodata.GeoEngine: GeoEngine: Loading: geodata/13_25.l2j
[11.04.21 19:19:41:037]  INFO geodata.GeoEngine: GeoEngine: Loading: geodata/13_26.l2j
[11.04.21 19:19:41:047]  INFO geodata.GeoEngine: GeoEngine: Loading: geodata/14_21.l2j
[11.04.21 19:19:41:058]  INFO geodata.GeoEngine: GeoEngine: Loading: geodata/14_22.l2j
[11.04.21 19:19:41:232]  INFO geodata.GeoEngine: GeoEngine: Loading: geodata/14_23.l2j
[11.04.21 19:19:41:325]  INFO geodata.GeoEngine: GeoEngine: Loading: geodata/14_24.l2j
[11.04.21 19:19:41:403]  INFO geodata.GeoEngine: GeoEngine: Loading: geodata/14_25.l2j
[11.04.21 19:19:41:492]  INFO geodata.GeoEngine: GeoEngine: Loading: geodata/14_26.l2j
[11.04.21 19:19:41:504]  INFO geodata.GeoEngine: GeoEngine: Loading: geodata/15_10.l2j
[11.04.21 19:19:41:518]  INFO geodata.GeoEngine: GeoEngine: Loading: geodata/15_11.l2j
[11.04.21 19:19:41:532]  INFO geodata.GeoEngine: GeoEngine: Loading: geodata/15_12.l2j
[11.04.21 19:19:41:543]  INFO geodata.GeoEngine: GeoEngine: Loading: geodata/15_18.l2j
[11.04.21 19:19:41:554]  INFO geodata.GeoEngine: GeoEngine: Loading: geodata/15_19.l2j
[11.04.21 19:19:41:565]  INFO geodata.GeoEngine: GeoEngine: Loading: geodata/15_20.l2j
[11.04.21 19:19:41:575]  INFO geodata.GeoEngine: GeoEngine: Loading: geodata/15_21.l2j
[11.04.21 19:19:41:587]  INFO geodata.GeoEngine: GeoEngine: Loading: geodata/15_22.l2j
[11.04.21 19:19:41:598]  INFO geodata.GeoEngine: GeoEngine: Loading: geodata/15_23.l2j
[11.04.21 19:19:41:608]  INFO geodata.GeoEngine: GeoEngine: Loading: geodata/15_24.l2j
[11.04.21 19:19:41:619]  INFO geodata.GeoEngine: GeoEngine: Loading: geodata/15_25.l2j
[11.04.21 19:19:41:631]  INFO geodata.GeoEngine: GeoEngine: Loading: geodata/15_26.l2j
[11.04.21 19:19:41:639]  INFO geodata.GeoEngine: GeoEngine: Loading: geodata/16_10.l2j
[11.04.21 19:19:41:648]  INFO geodata.GeoEngine: GeoEngine: Loading: geodata/16_11.l2j
[11.04.21 19:19:41:660]  INFO geodata.GeoEngine: GeoEngine: Loading: geodata/16_12.l2j
[11.04.21 19:19:41:671]  INFO geodata.GeoEngine: GeoEngine: Loading: geodata/16_13.l2j
[11.04.21 19:19:41:681]  INFO geodata.GeoEngine: GeoEngine: Loading: geodata/16_14.l2j
[11.04.21 19:19:41:691]  INFO geodata.GeoEngine: GeoEngine: Loading: geodata/16_15.l2j
[11.04.21 19:19:41:702]  INFO geodata.GeoEngine: GeoEngine: Loading: geodata/16_16.l2j
[11.04.21 19:19:41:713]  INFO geodata.GeoEngine: GeoEngine: Loading: geodata/16_17.l2j
[11.04.21 19:19:41:724]  INFO geodata.GeoEngine: GeoEngine: Loading: geodata/16_18.l2j
[11.04.21 19:19:41:732]  INFO geodata.GeoEngine: GeoEngine: Loading: geodata/16_19.l2j
[11.04.21 19:19:41:760]  INFO geodata.GeoEngine: GeoEngine: Loading: geodata/16_20.l2j
[11.04.21 19:19:41:782]  INFO geodata.GeoEngine: GeoEngine: Loading: geodata/16_21.l2j
[11.04.21 19:19:41:793]  INFO geodata.GeoEngine: GeoEngine: Loading: geodata/16_22.l2j
[11.04.21 19:19:41:803]  INFO geodata.GeoEngine: GeoEngine: Loading: geodata/16_23.l2j
[11.04.21 19:19:41:811]  INFO geodata.GeoEngine: GeoEngine: Loading: geodata/16_24.l2j
[11.04.21 19:19:41:825]  INFO geodata.GeoEngine: GeoEngine: Loading: geodata/16_25.l2j
[11.04.21 19:19:41:840]  INFO geodata.GeoEngine: GeoEngine: Loading: geodata/16_26.l2j
[11.04.21 19:19:41:848]  INFO geodata.GeoEngine: GeoEngine: Loading: geodata/17_10.l2j
[11.04.21 19:19:41:858]  INFO geodata.GeoEngine: GeoEngine: Loading: geodata/17_11.l2j
[11.04.21 19:19:41:868]  INFO geodata.GeoEngine: GeoEngine: Loading: geodata/17_12.l2j
[11.04.21 19:19:42:209]  INFO geodata.GeoEngine: GeoEngine: Loading: geodata/17_13.l2j
[11.04.21 19:19:42:219]  INFO geodata.GeoEngine: GeoEngine: Loading: geodata/17_14.l2j
[11.04.21 19:19:42:230]  INFO geodata.GeoEngine: GeoEngine: Loading: geodata/17_15.l2j
[11.04.21 19:19:42:244]  INFO geodata.GeoEngine: GeoEngine: Loading: geodata/17_16.l2j
[11.04.21 19:19:42:278]  INFO geodata.GeoEngine: GeoEngine: Loading: geodata/17_17.l2j
[11.04.21 19:19:42:288]  INFO geodata.GeoEngine: GeoEngine: Loading: geodata/17_18.l2j
[11.04.21 19:19:42:297]  INFO geodata.GeoEngine: GeoEngine: Loading: geodata/17_19.l2j
[11.04.21 19:19:42:318]  INFO geodata.GeoEngine: GeoEngine: Loading: geodata/17_20.l2j
[11.04.21 19:19:42:339]  INFO geodata.GeoEngine: GeoEngine: Loading: geodata/17_21.l2j
[11.04.21 19:19:42:362]  INFO geodata.GeoEngine: GeoEngine: Loading: geodata/17_22.l2j
[11.04.21 19:19:42:385]  INFO geodata.GeoEngine: GeoEngine: Loading: geodata/17_23.l2j
[11.04.21 19:19:42:396]  INFO geodata.GeoEngine: GeoEngine: Loading: geodata/17_24.l2j
[11.04.21 19:19:42:407]  INFO geodata.GeoEngine: GeoEngine: Loading: geodata/17_25.l2j
[11.04.21 19:19:42:422]  INFO geodata.GeoEngine: GeoEngine: Loading: geodata/17_26.l2j
[11.04.21 19:19:42:433]  INFO geodata.GeoEngine: GeoEngine: Loading: geodata/18_10.l2j
[11.04.21 19:19:42:446]  INFO geodata.GeoEngine: GeoEngine: Loading: geodata/18_11.l2j
[11.04.21 19:19:42:455]  INFO geodata.GeoEngine: GeoEngine: Loading: geodata/18_12.l2j
[11.04.21 19:19:42:465]  INFO geodata.GeoEngine: GeoEngine: Loading: geodata/18_13.l2j
[11.04.21 19:19:42:473]  INFO geodata.GeoEngine: GeoEngine: Loading: geodata/18_14.l2j
[11.04.21 19:19:42:493]  INFO geodata.GeoEngine: GeoEngine: Loading: geodata/18_15.l2j
[11.04.21 19:19:42:507]  INFO geodata.GeoEngine: GeoEngine: Loading: geodata/18_16.l2j
[11.04.21 19:19:42:522]  INFO geodata.GeoEngine: GeoEngine: Loading: geodata/18_17.l2j
[11.04.21 19:19:42:532]  INFO geodata.GeoEngine: GeoEngine: Loading: geodata/18_18.l2j
[11.04.21 19:19:42:543]  INFO geodata.GeoEngine: GeoEngine: Loading: geodata/18_19.l2j
[11.04.21 19:19:42:563]  INFO geodata.GeoEngine: GeoEngine: Loading: geodata/18_20.l2j
[11.04.21 19:19:42:586]  INFO geodata.GeoEngine: GeoEngine: Loading: geodata/18_21.l2j
[11.04.21 19:19:42:608]  INFO geodata.GeoEngine: GeoEngine: Loading: geodata/18_22.l2j
[11.04.21 19:19:42:640]  INFO geodata.GeoEngine: GeoEngine: Loading: geodata/18_23.l2j
[11.04.21 19:19:42:668]  INFO geodata.GeoEngine: GeoEngine: Loading: geodata/18_24.l2j
[11.04.21 19:19:42:687]  INFO geodata.GeoEngine: GeoEngine: Loading: geodata/18_25.l2j
[11.04.21 19:19:42:700]  INFO geodata.GeoEngine: GeoEngine: Loading: geodata/18_26.l2j
[11.04.21 19:19:42:709]  INFO geodata.GeoEngine: GeoEngine: Loading: geodata/19_10.l2j
[11.04.21 19:19:42:724]  INFO geodata.GeoEngine: GeoEngine: Loading: geodata/19_11.l2j
[11.04.21 19:19:42:734]  INFO geodata.GeoEngine: GeoEngine: Loading: geodata/19_12.l2j
[11.04.21 19:19:42:745]  INFO geodata.GeoEngine: GeoEngine: Loading: geodata/19_13.l2j
[11.04.21 19:19:42:802]  INFO geodata.GeoEngine: GeoEngine: Loading: geodata/19_14.l2j
[11.04.21 19:19:42:828]  INFO geodata.GeoEngine: GeoEngine: Loading: geodata/19_15.l2j
[11.04.21 19:19:42:848]  INFO geodata.GeoEngine: GeoEngine: Loading: geodata/19_16.l2j
[11.04.21 19:19:42:868]  INFO geodata.GeoEngine: GeoEngine: Loading: geodata/19_17.l2j
[11.04.21 19:19:42:879]  INFO geodata.GeoEngine: GeoEngine: Loading: geodata/19_18.l2j
[11.04.21 19:19:42:903]  INFO geodata.GeoEngine: GeoEngine: Loading: geodata/19_19.l2j
[11.04.21 19:19:42:921]  INFO geodata.GeoEngine: GeoEngine: Loading: geodata/19_20.l2j
[11.04.21 19:19:42:944]  INFO geodata.GeoEngine: GeoEngine: Loading: geodata/19_21.l2j
[11.04.21 19:19:42:966]  INFO geodata.GeoEngine: GeoEngine: Loading: geodata/19_22.l2j
[11.04.21 19:19:42:985]  INFO geodata.GeoEngine: GeoEngine: Loading: geodata/19_23.l2j
[11.04.21 19:19:43:014]  INFO geodata.GeoEngine: GeoEngine: Loading: geodata/19_24.l2j
[11.04.21 19:19:43:033]  INFO geodata.GeoEngine: GeoEngine: Loading: geodata/19_25.l2j
[11.04.21 19:19:43:053]  INFO geodata.GeoEngine: GeoEngine: Loading: geodata/19_26.l2j
[11.04.21 19:19:43:066]  INFO geodata.GeoEngine: GeoEngine: Loading: geodata/20_10.l2j
[11.04.21 19:19:43:077]  INFO geodata.GeoEngine: GeoEngine: Loading: geodata/20_11.l2j
[11.04.21 19:19:43:087]  INFO geodata.GeoEngine: GeoEngine: Loading: geodata/20_12.l2j
[11.04.21 19:19:43:098]  INFO geodata.GeoEngine: GeoEngine: Loading: geodata/20_13.l2j
[11.04.21 19:19:43:122]  INFO geodata.GeoEngine: GeoEngine: Loading: geodata/20_14.l2j
[11.04.21 19:19:43:149]  INFO geodata.GeoEngine: GeoEngine: Loading: geodata/20_15.l2j
[11.04.21 19:19:43:174]  INFO geodata.GeoEngine: GeoEngine: Loading: geodata/20_16.l2j
[11.04.21 19:19:43:190]  INFO geodata.GeoEngine: GeoEngine: Loading: geodata/20_17.l2j
[11.04.21 19:19:43:280]  INFO geodata.GeoEngine: GeoEngine: Loading: geodata/20_18.l2j
[11.04.21 19:19:43:300]  INFO geodata.GeoEngine: GeoEngine: Loading: geodata/20_19.l2j
[11.04.21 19:19:43:318]  INFO geodata.GeoEngine: GeoEngine: Loading: geodata/20_20.l2j
[11.04.21 19:19:43:348]  INFO geodata.GeoEngine: GeoEngine: Loading: geodata/20_21.l2j
[11.04.21 19:19:43:385]  INFO geodata.GeoEngine: GeoEngine: Loading: geodata/20_22.l2j
[11.04.21 19:19:43:409]  INFO geodata.GeoEngine: GeoEngine: Loading: geodata/20_23.l2j
[11.04.21 19:19:43:431]  INFO geodata.GeoEngine: GeoEngine: Loading: geodata/20_24.l2j
[11.04.21 19:19:43:442]  INFO geodata.GeoEngine: GeoEngine: Loading: geodata/20_25.l2j
[11.04.21 19:19:43:468]  INFO geodata.GeoEngine: GeoEngine: Loading: geodata/20_26.l2j
[11.04.21 19:19:43:481]  INFO geodata.GeoEngine: GeoEngine: Loading: geodata/21_10.l2j
[11.04.21 19:19:43:490]  INFO geodata.GeoEngine: GeoEngine: Loading: geodata/21_11.l2j
[11.04.21 19:19:43:503]  INFO geodata.GeoEngine: GeoEngine: Loading: geodata/21_12.l2j
[11.04.21 19:19:43:511]  INFO geodata.GeoEngine: GeoEngine: Loading: geodata/21_13.l2j
[11.04.21 19:19:43:518]  INFO geodata.GeoEngine: GeoEngine: Loading: geodata/21_14.l2j
[11.04.21 19:19:43:547]  INFO geodata.GeoEngine: GeoEngine: Loading: geodata/21_15.l2j
[11.04.21 19:19:43:575]  INFO geodata.GeoEngine: GeoEngine: Loading: geodata/21_16.l2j
[11.04.21 19:19:43:605]  INFO geodata.GeoEngine: GeoEngine: Loading: geodata/21_17.l2j
[11.04.21 19:19:43:619]  INFO geodata.GeoEngine: GeoEngine: Loading: geodata/21_18.l2j
[11.04.21 19:19:43:648]  INFO geodata.GeoEngine: GeoEngine: Loading: geodata/21_19.l2j
[11.04.21 19:19:43:668]  INFO geodata.GeoEngine: GeoEngine: Loading: geodata/21_20.l2j
[11.04.21 19:19:43:756]  INFO geodata.GeoEngine: GeoEngine: Loading: geodata/21_21.l2j
[11.04.21 19:19:43:792]  INFO geodata.GeoEngine: GeoEngine: Loading: geodata/21_22.l2j
[11.04.21 19:19:43:819]  INFO geodata.GeoEngine: GeoEngine: Loading: geodata/21_23.l2j
[11.04.21 19:19:43:845]  INFO geodata.GeoEngine: GeoEngine: Loading: geodata/21_24.l2j
[11.04.21 19:19:43:875]  INFO geodata.GeoEngine: GeoEngine: Loading: geodata/21_25.l2j
[11.04.21 19:19:43:885]  INFO geodata.GeoEngine: GeoEngine: Loading: geodata/22_10.l2j
[11.04.21 19:19:43:893]  INFO geodata.GeoEngine: GeoEngine: Loading: geodata/22_11.l2j
[11.04.21 19:19:43:920]  INFO geodata.GeoEngine: GeoEngine: Loading: geodata/22_12.l2j
[11.04.21 19:19:43:929]  INFO geodata.GeoEngine: GeoEngine: Loading: geodata/22_13.l2j
[11.04.21 19:19:43:957]  INFO geodata.GeoEngine: GeoEngine: Loading: geodata/22_14.l2j
[11.04.21 19:19:43:988]  INFO geodata.GeoEngine: GeoEngine: Loading: geodata/22_15.l2j
[11.04.21 19:19:44:020]  INFO geodata.GeoEngine: GeoEngine: Loading: geodata/22_16.l2j
[11.04.21 19:19:44:054]  INFO geodata.GeoEngine: GeoEngine: Loading: geodata/22_17.l2j
[11.04.21 19:19:44:189]  INFO geodata.GeoEngine: GeoEngine: Loading: geodata/22_18.l2j
[11.04.21 19:19:44:211]  INFO geodata.GeoEngine: GeoEngine: Loading: geodata/22_19.l2j
[11.04.21 19:19:44:231]  INFO geodata.GeoEngine: GeoEngine: Loading: geodata/22_20.l2j
[11.04.21 19:19:44:255]  INFO geodata.GeoEngine: GeoEngine: Loading: geodata/22_21.l2j
[11.04.21 19:19:44:277]  INFO geodata.GeoEngine: GeoEngine: Loading: geodata/22_22.l2j
[11.04.21 19:19:44:301]  INFO geodata.GeoEngine: GeoEngine: Loading: geodata/22_23.l2j
[11.04.21 19:19:44:320]  INFO geodata.GeoEngine: GeoEngine: Loading: geodata/22_24.l2j
[11.04.21 19:19:44:342]  INFO geodata.GeoEngine: GeoEngine: Loading: geodata/22_25.l2j
[11.04.21 19:19:44:369]  INFO geodata.GeoEngine: GeoEngine: Loading: geodata/22_26.l2j
[11.04.21 19:19:44:379]  INFO geodata.GeoEngine: GeoEngine: Loading: geodata/23_10.l2j
[11.04.21 19:19:44:386]  INFO geodata.GeoEngine: GeoEngine: Loading: geodata/23_11.l2j
[11.04.21 19:19:44:405]  INFO geodata.GeoEngine: GeoEngine: Loading: geodata/23_12.l2j
[11.04.21 19:19:44:438]  INFO geodata.GeoEngine: GeoEngine: Loading: geodata/23_13.l2j
[11.04.21 19:19:44:467]  INFO geodata.GeoEngine: GeoEngine: Loading: geodata/23_14.l2j
[11.04.21 19:19:45:462]  INFO geodata.GeoEngine: GeoEngine: Loading: geodata/23_15.l2j
[11.04.21 19:19:45:504]  INFO geodata.GeoEngine: GeoEngine: Loading: geodata/23_16.l2j
[11.04.21 19:19:45:533]  INFO geodata.GeoEngine: GeoEngine: Loading: geodata/23_17.l2j
[11.04.21 19:19:45:564]  INFO geodata.GeoEngine: GeoEngine: Loading: geodata/23_18.l2j
[11.04.21 19:19:45:595]  INFO geodata.GeoEngine: GeoEngine: Loading: geodata/23_19.l2j
[11.04.21 19:19:45:626]  INFO geodata.GeoEngine: GeoEngine: Loading: geodata/23_20.l2j
[11.04.21 19:19:45:657]  INFO geodata.GeoEngine: GeoEngine: Loading: geodata/23_21.l2j
[11.04.21 19:19:45:762]  INFO geodata.GeoEngine: GeoEngine: Loading: geodata/23_22.l2j
[11.04.21 19:19:45:781]  INFO geodata.GeoEngine: GeoEngine: Loading: geodata/23_23.l2j
[11.04.21 19:19:45:805]  INFO geodata.GeoEngine: GeoEngine: Loading: geodata/23_24.l2j
[11.04.21 19:19:45:830]  INFO geodata.GeoEngine: GeoEngine: Loading: geodata/23_25.l2j
[11.04.21 19:19:45:850]  INFO geodata.GeoEngine: GeoEngine: Loading: geodata/23_26.l2j
[11.04.21 19:19:45:863]  INFO geodata.GeoEngine: GeoEngine: Loading: geodata/24_10.l2j
[11.04.21 19:19:45:873]  INFO geodata.GeoEngine: GeoEngine: Loading: geodata/24_11.l2j
[11.04.21 19:19:45:889]  INFO geodata.GeoEngine: GeoEngine: Loading: geodata/24_12.l2j
[11.04.21 19:19:45:926]  INFO geodata.GeoEngine: GeoEngine: Loading: geodata/24_13.l2j
[11.04.21 19:19:45:946]  INFO geodata.GeoEngine: GeoEngine: Loading: geodata/24_14.l2j
[11.04.21 19:19:45:977]  INFO geodata.GeoEngine: GeoEngine: Loading: geodata/24_15.l2j
[11.04.21 19:19:46:050]  INFO geodata.GeoEngine: GeoEngine: Loading: geodata/24_16.l2j
[11.04.21 19:19:46:076]  INFO geodata.GeoEngine: GeoEngine: Loading: geodata/24_17.l2j
[11.04.21 19:19:46:102]  INFO geodata.GeoEngine: GeoEngine: Loading: geodata/24_18.l2j
[11.04.21 19:19:46:124]  INFO geodata.GeoEngine: GeoEngine: Loading: geodata/24_19.l2j
[11.04.21 19:19:46:141]  INFO geodata.GeoEngine: GeoEngine: Loading: geodata/24_20.l2j
[11.04.21 19:19:46:177]  INFO geodata.GeoEngine: GeoEngine: Loading: geodata/24_21.l2j
[11.04.21 19:19:46:200]  INFO geodata.GeoEngine: GeoEngine: Loading: geodata/24_22.l2j
[11.04.21 19:19:46:243]  INFO geodata.GeoEngine: GeoEngine: Loading: geodata/24_23.l2j
[11.04.21 19:19:46:267]  INFO geodata.GeoEngine: GeoEngine: Loading: geodata/24_24.l2j
[11.04.21 19:19:46:276]  INFO geodata.GeoEngine: GeoEngine: Loading: geodata/24_25.l2j
[11.04.21 19:19:46:285]  INFO geodata.GeoEngine: GeoEngine: Loading: geodata/24_26.l2j
[11.04.21 19:19:46:295]  INFO geodata.GeoEngine: GeoEngine: Loading: geodata/25_10.l2j
[11.04.21 19:19:46:305]  INFO geodata.GeoEngine: GeoEngine: Loading: geodata/25_11.l2j
[11.04.21 19:19:46:356]  INFO geodata.GeoEngine: GeoEngine: Loading: geodata/25_12.l2j
[11.04.21 19:19:46:405]  INFO geodata.GeoEngine: GeoEngine: Loading: geodata/25_14.l2j
[11.04.21 19:19:46:463]  INFO geodata.GeoEngine: GeoEngine: Loading: geodata/25_15.l2j
[11.04.21 19:19:46:506]  INFO geodata.GeoEngine: GeoEngine: Loading: geodata/25_16.l2j
[11.04.21 19:19:46:534]  INFO geodata.GeoEngine: GeoEngine: Loading: geodata/25_17.l2j
[11.04.21 19:19:46:563]  INFO geodata.GeoEngine: GeoEngine: Loading: geodata/25_18.l2j
[11.04.21 19:19:46:590]  INFO geodata.GeoEngine: GeoEngine: Loading: geodata/25_19.l2j
[11.04.21 19:19:46:632]  INFO geodata.GeoEngine: GeoEngine: Loading: geodata/25_20.l2j
[11.04.21 19:19:46:691]  INFO geodata.GeoEngine: GeoEngine: Loading: geodata/25_21.l2j
[11.04.21 19:19:46:705]  INFO geodata.GeoEngine: GeoEngine: Loading: geodata/25_22.l2j
[11.04.21 19:19:46:712]  INFO geodata.GeoEngine: GeoEngine: Loading: geodata/25_23.l2j
[11.04.21 19:19:46:730]  INFO geodata.GeoEngine: GeoEngine: Loading: geodata/25_24.l2j
[11.04.21 19:19:46:739]  INFO geodata.GeoEngine: GeoEngine: Loading: geodata/26_11.l2j
[11.04.21 19:19:46:748]  INFO geodata.GeoEngine: GeoEngine: Loading: geodata/26_12.l2j
[11.04.21 19:19:46:759]  INFO geodata.GeoEngine: GeoEngine: Loading: geodata/26_14.l2j
[11.04.21 19:19:46:774]  INFO geodata.GeoEngine: GeoEngine: Loading: geodata/26_15.l2j
[11.04.21 19:19:46:786]  INFO geodata.GeoEngine: GeoEngine: Loading: geodata/26_16.l2j
[11.04.21 19:19:46:794]  INFO geodata.GeoEngine: GeoEngine: Loaded 203 map(s), max layers: 21
[11.04.21 19:19:46:816]  INFO utils.Strings: Loaded 418 translit entries.
[11.04.21 19:19:46:819]  INFO gameserver.GameTimeController: GameTimeController: initialized. Current time is 1:58 in the night.
[11.04.21 19:19:46:819]  INFO model.World: L2World: Creating regions: [256][272][32].
[11.04.21 19:19:46:823]  INFO htm.HtmCache: HtmCache: disabled.
[11.04.21 19:19:46:833]  INFO data.StringHolder: StringHolder: load strings: 510 for lang: ENGLISH
[11.04.21 19:19:46:833]  INFO data.StringHolder: StringHolder: load strings: 511 for lang: RUSSIAN
[11.04.21 19:19:50:403]  INFO skills.SkillsEngine: SkillsEngine: Loaded 66010 skill templates from XML files. Max id: 90003, max level: 259
[11.04.21 19:19:52:240]  INFO holder.OptionDataHolder: OptionDataHolder: loaded 24975 option data(s) count.
[11.04.21 19:19:54:019]  INFO holder.ItemHolder: ItemHolder: loaded 19128 item(s) count.
[11.04.21 19:19:54:020]  INFO parser.ExtractableItems: ExtractableItems: Initializing
[11.04.21 19:19:54:037]  INFO parser.ExtractableItems: ExtractableItems: Loaded 18 Extractable.
[11.04.21 19:19:56:541]  WARN parser.NpcParser: NpcParser: Problems with rewardlist for npc: 35711; type: RATED_GROUPED
[11.04.21 19:19:56:558]  WARN parser.NpcParser: NpcParser: Problems with rewardlist for npc: 35780; type: RATED_GROUPED
[11.04.21 19:19:56:597]  WARN parser.NpcParser: NpcParser: Problems with rewardlist for npc: 35880; type: RATED_GROUPED
[11.04.21 19:19:56:626]  WARN parser.NpcParser: NpcParser: Problems with rewardlist for npc: 35949; type: RATED_GROUPED
[11.04.21 19:19:56:635]  WARN parser.NpcParser: NpcParser: Problems with rewardlist for npc: 35987; type: RATED_GROUPED
[11.04.21 19:19:56:663]  WARN parser.NpcParser: NpcParser: Problems with rewardlist for npc: 36056; type: RATED_GROUPED
[11.04.21 19:19:56:671]  WARN parser.NpcParser: NpcParser: Problems with rewardlist for npc: 36094; type: RATED_GROUPED
[11.04.21 19:19:56:708]  WARN parser.NpcParser: NpcParser: Problems with rewardlist for npc: 36194; type: RATED_GROUPED
[11.04.21 19:19:56:730]  WARN parser.NpcParser: NpcParser: Problems with rewardlist for npc: 36232; type: RATED_GROUPED
[11.04.21 19:19:56:741]  WARN parser.NpcParser: NpcParser: Problems with rewardlist for npc: 36270; type: RATED_GROUPED
[11.04.21 19:19:56:772]  WARN parser.NpcParser: NpcParser: Problems with rewardlist for npc: 36339; type: RATED_GROUPED
[11.04.21 19:19:56:780]  WARN parser.NpcParser: NpcParser: Problems with rewardlist for npc: 36377; type: RATED_GROUPED
[11.04.21 19:19:56:857]  INFO holder.NpcHolder: NpcHolder: loaded 10456 npc(s) count.
[11.04.21 19:19:56:876]  INFO instancemanager.MapRegionManager: MapRegionManager: loaded 272 map region manager(s) count.
[11.04.21 19:19:56:910]  INFO instancemanager.MapRegionManager: MapRegionManager: loaded 272 map region manager(s) count.
[11.04.21 19:19:56:923]  INFO holder.StaticObjectHolder: StaticObjectHolder: loaded 50 static object(s) count.
[11.04.21 19:19:57:347]  INFO holder.DoorHolder: DoorHolder: loaded 1155 door(s) count.
[11.04.21 19:19:57:496]  INFO holder.ZoneHolder: ZoneHolder: loaded 1141 zone(s) count.
[11.04.21 19:19:58:586]  INFO holder.SpawnHolder: SpawnHolder: loaded 28888 spawn(s) count.
[11.04.21 19:19:59:041]  INFO holder.InstantZoneHolder: InstantZoneHolder: loaded 95 instant zone(s) count.
[11.04.21 19:19:59:500]  INFO holder.AirshipDockHolder: AirshipDockHolder: loaded 4 airship dock(s) count.
[11.04.21 19:19:59:613]  INFO holder.SkillAcquireHolder: SkillAcquireHolder: load 57209 normal learns for 103 classes.
[11.04.21 19:19:59:613]  INFO holder.SkillAcquireHolder: SkillAcquireHolder: load 79 transfer learns for 3 classes.
[11.04.21 19:19:59:614]  INFO holder.SkillAcquireHolder: SkillAcquireHolder: load 120 transformation learns for 6 races.
[11.04.21 19:19:59:614]  INFO holder.SkillAcquireHolder: SkillAcquireHolder: load 662 fishing learns for 6 races.
[11.04.21 19:19:59:615]  INFO holder.SkillAcquireHolder: SkillAcquireHolder: load 72 certification learns.
[11.04.21 19:19:59:615]  INFO holder.SkillAcquireHolder: SkillAcquireHolder: load 3 collection learns.
[11.04.21 19:19:59:615]  INFO holder.SkillAcquireHolder: SkillAcquireHolder: load 44 pledge learns.
[11.04.21 19:19:59:616]  INFO holder.SkillAcquireHolder: SkillAcquireHolder: load 18 sub unit learns.
[11.04.21 19:19:59:641]  INFO holder.CharTemplateHolder: CharTemplateHolder: loaded 206 char template(s) count.
[11.04.21 19:20:00:131]  INFO holder.ResidenceHolder: ResidenceHolder: total size: 83
[11.04.21 19:20:00:131]  INFO holder.ResidenceHolder: ResidenceHolder:  - load 21 fortress(s).
[11.04.21 19:20:00:132]  INFO holder.ResidenceHolder: ResidenceHolder:  - load 9 dominion(s).
[11.04.21 19:20:00:133]  INFO holder.ResidenceHolder: ResidenceHolder:  - load 44 clanhall(s).
[11.04.21 19:20:00:133]  INFO holder.ResidenceHolder: ResidenceHolder:  - load 9 castle(s).
[11.04.21 19:20:00:207]  INFO instancemanager.RaidBossSpawnManager: RaidBossSpawnManager: Loaded 8 Statuses
[11.04.21 19:20:00:258]  INFO entity.SevenSigns: SevenSigns: Currently in the Seal Validation period!
[11.04.21 19:20:00:258]  INFO entity.SevenSigns: SevenSigns: The Seal of Gnosis remains unclaimed.
[11.04.21 19:20:00:258]  INFO entity.SevenSigns: SevenSigns: The Lords of Dawn have won the Seal of Avarice.
[11.04.21 19:20:00:259]  INFO entity.SevenSigns: SevenSigns: The Seal of Strife remains unclaimed.
[11.04.21 19:20:00:259]  INFO entity.SevenSigns: SevenSigns: The Competition last week ended with a tie.
[11.04.21 19:20:00:260]  INFO entity.SevenSigns: SevenSigns: Next period begins in 0 days, 22 hours and 39 mins.
[11.04.21 19:20:00:746]  INFO holder.EventHolder: EventHolder: loaded 95 event(s) count.
[11.04.21 19:20:00:760]  INFO holder.CubicHolder: CubicHolder: loaded 145 cubic(s) count.
[11.04.21 19:20:00:851]  INFO holder.BuyListHolder: TradeController: Loaded 4 file(s).
[11.04.21 19:20:00:851]  INFO holder.BuyListHolder: TradeController: Loaded 24917 Items.
[11.04.21 19:20:00:851]  INFO holder.BuyListHolder: TradeController: Loaded 726 Buylists.
[11.04.21 19:20:00:926]  INFO holder.RecipeHolder: RecipeController: Loaded 998 Recipes.
[11.04.21 19:20:02:228]  INFO holder.ProductHolder: ProductItemTable: Loaded 193 product item on sale.
[11.04.21 19:20:02:254]  INFO holder.HennaHolder: HennaHolder: loaded 180 henna(s) count.
[11.04.21 19:20:02:265]  INFO holder.EnchantItemHolder: EnchantItemHolder: load 4 enchant scroll(s).
[11.04.21 19:20:02:277]  INFO holder.SoulCrystalHolder: SoulCrystalHolder: loaded 54 soul crystal(s) count.
[11.04.21 19:20:02:292]  INFO holder.ArmorSetsHolder: ArmorSetsHolder: loaded 198 armor sets(s) count.
[11.04.21 19:20:02:304]  INFO holder.PetitionGroupHolder: PetitionGroupHolder: loaded 1 petition group(s) count.
[11.04.21 19:20:02:306]  INFO cache.CrestCache: CrestCache: Loaded 0 crests
[11.04.21 19:20:02:388]  INFO tables.FishTable: FishTable: Loaded 270 fishes.
[11.04.21 19:20:02:403]  INFO tables.FishTable: FishTable: Loaded 919 fish rewards.
[11.04.21 19:20:02:403]  INFO tables.SkillTreeTable: SkillTreeTable: Loaded 526 enchanted skills.
[11.04.21 19:20:02:404]  INFO tables.AugmentationData: Initializing AugmentationData.
[11.04.21 19:20:02:430]  INFO tables.AugmentationData: AugmentationData: 10 bad skill(s) were skipped.
[11.04.21 19:20:02:477]  INFO tables.AugmentationData: AugmentationData: Loaded: 52 augmentation stats.
[11.04.21 19:20:02:477]  INFO tables.AugmentationData: AugmentationData: Loaded: 24 accessory augmentation stats.
[11.04.21 19:20:02:478]  INFO tables.AugmentationData: AugmentationData: Loaded: 17 blue, 106 purple and 54 red skills for lifeStoneLevel 0
[11.04.21 19:20:02:478]  INFO tables.AugmentationData: AugmentationData: Loaded: 17 blue, 106 purple and 54 red skills for lifeStoneLevel 1
[11.04.21 19:20:02:479]  INFO tables.AugmentationData: AugmentationData: Loaded: 17 blue, 106 purple and 54 red skills for lifeStoneLevel 2
[11.04.21 19:20:02:479]  INFO tables.AugmentationData: AugmentationData: Loaded: 17 blue, 106 purple and 54 red skills for lifeStoneLevel 3
[11.04.21 19:20:02:479]  INFO tables.AugmentationData: AugmentationData: Loaded: 17 blue, 106 purple and 54 red skills for lifeStoneLevel 4
[11.04.21 19:20:02:480]  INFO tables.AugmentationData: AugmentationData: Loaded: 17 blue, 106 purple and 54 red skills for lifeStoneLevel 5
[11.04.21 19:20:02:480]  INFO tables.AugmentationData: AugmentationData: Loaded: 17 blue, 106 purple and 54 red skills for lifeStoneLevel 6
[11.04.21 19:20:02:480]  INFO tables.AugmentationData: AugmentationData: Loaded: 17 blue, 106 purple and 54 red skills for lifeStoneLevel 7
[11.04.21 19:20:02:481]  INFO tables.AugmentationData: AugmentationData: Loaded: 17 blue, 106 purple and 54 red skills for lifeStoneLevel 8
[11.04.21 19:20:02:481]  INFO tables.AugmentationData: AugmentationData: Loaded: 17 blue, 106 purple and 54 red skills for lifeStoneLevel 9
[11.04.21 19:20:02:487]  INFO tables.EnchantHPBonusTable: EnchantHPBonusTable: Loaded bonuses for 6 grades.
[11.04.21 19:20:02:499]  INFO tables.LevelUpTable: LevelUpData: Loaded 103 Character Level Up Templates.
[11.04.21 19:20:02:515]  INFO tables.PetSkillsTable: PetSkillsTable: Loaded 2219 skills.
[11.04.21 19:20:02:517]  INFO itemauction.ItemAuctionManager: Initializing ItemAuctionManager
[11.04.21 19:20:02:549]  INFO bosses.AntharasManager: AntharasManager: State of Antharas is NOTSPAWN.
[11.04.21 19:20:02:549]  INFO bosses.AntharasManager: AntharasManager: Next spawn date of Antharas is 01:48 11.04.2021.
[11.04.21 19:20:02:552]  INFO bosses.BaiumManager: BaiumManager: State of Baium is NOTSPAWN.
[11.04.21 19:20:02:555]  INFO bosses.BaiumManager: BaiumManager: Next spawn date: 02:00 01.01.1970
[11.04.21 19:20:02:563]  INFO bosses.BelethManager: Beleth Manager: Loaded successfuly
[11.04.21 19:20:02:575]  INFO bosses.FourSepulchersSpawn: FourSepulchersManager: Loaded 20 Mysterious-Box spawns.
[11.04.21 19:20:02:590]  INFO bosses.FourSepulchersSpawn: FourSepulchersManager: loaded 716 physical monsters spawns.
[11.04.21 19:20:02:603]  INFO bosses.FourSepulchersSpawn: FourSepulchersManager: loaded 716 magical monsters spawns.
[11.04.21 19:20:02:606]  INFO bosses.FourSepulchersSpawn: FourSepulchersManager: loaded 92 Church of duke monsters spawns.
[11.04.21 19:20:02:609]  INFO bosses.FourSepulchersSpawn: FourSepulchersManager: loaded 68 Emperor's grave NPC spawns.
[11.04.21 19:20:02:610]  INFO bosses.FourSepulchersSpawn: FourSepulchersManager: Spawned Conquerors' Sepulcher Manager
[11.04.21 19:20:02:610]  INFO bosses.FourSepulchersSpawn: FourSepulchersManager: Spawned Emperors' Sepulcher Manager
[11.04.21 19:20:02:611]  INFO bosses.FourSepulchersSpawn: FourSepulchersManager: Spawned Great Sages' Sepulcher Manager
[11.04.21 19:20:02:611]  INFO bosses.FourSepulchersSpawn: FourSepulchersManager: Spawned Judges' Sepulcher Manager
[11.04.21 19:20:02:612]  INFO bosses.FourSepulchersManager: FourSepulchersManager: Beginning in Attack time
[11.04.21 19:20:02:613]  INFO bosses.SailrenManager: SailrenManager: State of Sailren is NOTSPAWN.
[11.04.21 19:20:02:613]  INFO bosses.SailrenManager: SailrenManager: Next spawn date of Sailren is 02:00 01.01.1970.
[11.04.21 19:20:02:614]  INFO bosses.ValakasManager: ValakasManager: State of Valakas is NOTSPAWN.
[11.04.21 19:20:02:614]  INFO bosses.ValakasManager: ValakasManager: Next spawn date of Valakas is 02:00 01.01.1970.
[11.04.21 19:20:02:615]  INFO threading.RunnableImpl: Sun Apr 11 19:20:02 EEST 2021 Atk announce scheduled to 20.0 minute of this hour.
[11.04.21 19:20:02:637]  INFO events.GameEventManager: Event Capture The Flag started in 132 mins.
[11.04.21 19:20:02:654]  INFO events.GameEventManager: Event Capture The Flag started in 132 mins.
[11.04.21 19:20:02:751]  INFO tables.PetDataTable: PetDataTable: Loaded 2322 pets.
[11.04.21 19:20:02:759]  INFO model.Manor: ManorManager: Loaded 270 seeds
[11.04.21 19:20:02:944]  INFO scriptconfig.ScriptConfig: Loaded Service: ScripsConfig
[11.04.21 19:20:02:945]  INFO services.Bash: Loaded Service: Bash [disabled]
[11.04.21 19:20:02:962]  INFO community.ClanCommunity: CommunityBoard: Clan Community service loaded.
[11.04.21 19:20:02:963]  INFO community.CommunityBoard: CommunityBoard: service loaded.
[11.04.21 19:20:02:964]  INFO community.CommunityStats: CommunityBoard: Stats service loaded.
[11.04.21 19:20:02:964]  INFO community.ManageBuffer: CommunityBoard: Buffer Community service loaded.
[11.04.21 19:20:02:978]  INFO community.ManageEnchant: CommunityBoard: Enchant Community service loaded.
[11.04.21 19:20:02:978]  INFO community.ManageFavorites: CommunityBoard: Manage Favorites service loaded.
[11.04.21 19:20:02:978]  INFO community.ManageFriends: CommunityBoard: Manage Friends service loaded.
[11.04.21 19:20:02:979]  INFO community.ManageMemo: CommunityBoard: Manage Memo service loaded.
[11.04.21 19:20:02:979]  INFO community.ManageProf: CommunityBoard: Manage Career service loaded.
[11.04.21 19:20:02:980]  INFO community.ManageServices: CommunityBoard: Manager Community services loaded.
[11.04.21 19:20:02:980]  INFO community.ManageTeleport: CommunityBoard: Teleport Community service loaded.
[11.04.21 19:20:02:981]  INFO community.PrivateMail: CommunityBoard: Private Mail service loaded.
[11.04.21 19:20:02:981]  INFO community.RegionCommunity: CommunityBoard: Region service loaded.
[11.04.21 19:20:03:105]  INFO instancemanager.SpawnManager: SpawnManager: spawned 1000 npc for group: NONE
[11.04.21 19:20:03:355]  INFO instancemanager.SpawnManager: SpawnManager: spawned 3000 npc for group: NONE
[11.04.21 19:20:03:491]  INFO instancemanager.SpawnManager: SpawnManager: spawned 5000 npc for group: NONE
[11.04.21 19:20:03:515]  INFO naia.NaiaTowerManager: Naia Tower Manager: Loaded 12 rooms
[11.04.21 19:20:03:631]  INFO instancemanager.SpawnManager: SpawnManager: spawned 6000 npc for group: NONE
[11.04.21 19:20:03:727]  INFO instancemanager.SpawnManager: SpawnManager: spawned 8000 npc for group: NONE
[11.04.21 19:20:03:773]  INFO instancemanager.SpawnManager: SpawnManager: spawned 9000 npc for group: NONE
[11.04.21 19:20:03:874]  INFO instancemanager.SpawnManager: SpawnManager: spawned 12000 npc for group: NONE
[11.04.21 19:20:04:029]  INFO instancemanager.SpawnManager: SpawnManager: spawned 13000 npc for group: NONE
[11.04.21 19:20:04:258]  INFO instancemanager.SpawnManager: SpawnManager: spawned 18000 npc for group: NONE
[11.04.21 19:20:04:287]  INFO instancemanager.SpawnManager: SpawnManager: spawned 19000 npc for group: NONE
[11.04.21 19:20:04:413]  INFO instancemanager.SpawnManager: SpawnManager: spawned 20000 npc for group: NONE
[11.04.21 19:20:04:426]  INFO instancemanager.SpawnManager: SpawnManager: spawned 21000 npc for group: NONE
[11.04.21 19:20:04:442]  INFO instancemanager.SpawnManager: SpawnManager: spawned 22000 npc for group: NONE
[11.04.21 19:20:04:455]  INFO instancemanager.SpawnManager: SpawnManager: spawned 23000 npc for group: NONE
[11.04.21 19:20:05:890]  INFO instancemanager.SpawnManager: SpawnManager: spawned 27000 npc for group: NONE
[11.04.21 19:20:05:919]  INFO instancemanager.SpawnManager: SpawnManager: spawned 28000 npc for group: NONE
[11.04.21 19:20:05:957]  INFO instancemanager.SpawnManager: SpawnManager: spawned 31000 npc for group: NONE
[11.04.21 19:20:06:142]  INFO instancemanager.SpawnManager: SpawnManager: spawned 33000 npc for group: NONE
[11.04.21 19:20:06:211]  INFO instancemanager.SpawnManager: SpawnManager: spawned 37937 npc; spawns: 17009; group: NONE
[11.04.21 19:20:06:212]  INFO instancemanager.SpawnManager: SpawnManager: spawned 18 npc; spawns: 18; group: event_gatekeeper
[11.04.21 19:20:06:212]  INFO instancemanager.SpawnManager: SpawnManager: spawned 17 npc; spawns: 17; group: class_master
[11.04.21 19:20:06:213]  INFO data.BoatHolder: BoatHolder: loaded 2 boat(s) count.
[11.04.21 19:20:06:215]  INFO data.BoatHolder: BoatHolder: Spawning: RunePrimeval_Vehicle
[11.04.21 19:20:06:215]  INFO data.BoatHolder: BoatHolder: Spawning: AdenGracia_Airship
[11.04.21 19:20:06:216]  INFO holder.StaticObjectHolder: StaticObjectHolder: spawned: 50 static object(s).
[11.04.21 19:20:06:226]  INFO instancemanager.DimensionalRiftManager: DimensionalRiftManager: Loaded 13 room types with 112 rooms.
[11.04.21 19:20:06:227]  INFO instancemanager.DimensionalRiftManager: DimensionalRiftManager: Loaded 300 DimensionalRift spawns, 0 errors.
[11.04.21 19:20:06:278]  INFO instancemanager.AutoSpawnManager: AutoSpawnHandler: Loaded 50 handlers in total.
[11.04.21 19:20:06:290]  INFO olympiad.Olympiad: Olympiad System: Loading Olympiad System....
[11.04.21 19:20:06:291]  INFO olympiad.Olympiad: Olympiad System: Currently in Olympiad Period
[11.04.21 19:20:06:291]  INFO olympiad.Olympiad: Olympiad System: Period Ends....
[11.04.21 19:20:06:293]  INFO olympiad.Olympiad: Olympiad System: In 19 days, 4 hours and 39 mins.
[11.04.21 19:20:06:293]  INFO olympiad.Olympiad: Olympiad System: Next Weekly Change is in....
[11.04.21 19:20:06:293]  INFO olympiad.Olympiad: Olympiad System: In 3 days, 22 hours and 51 mins.
[11.04.21 19:20:06:294]  INFO olympiad.Olympiad: Olympiad System: Loaded 2 Noblesses
[11.04.21 19:20:06:294]  INFO olympiad.Olympiad: Olympiad System: Competition Period Starts in 0 days, 0 hours and 0 mins.
[11.04.21 19:20:06:294]  INFO olympiad.Olympiad: Olympiad System: Event starts/started: Sun Apr 11 18:00:06 EEST 2021
[11.04.21 19:20:06:302]  INFO entity.Hero: Hero System: Loaded 0 Heroes.
[11.04.21 19:20:06:302]  INFO entity.Hero: Hero System: Loaded 0 all time Heroes.
[11.04.21 19:20:06:304]  INFO instancemanager.PetitionManager: Initializing PetitionManager
[11.04.21 19:20:06:308]  INFO olympiad.CompStartTask: Olympiad System: Olympiad Game Started
[11.04.21 19:20:06:328]  INFO instancemanager.CursedWeaponsManager: CursedWeaponsManager: Loaded 2 cursed weapon(s).
[11.04.21 19:20:06:329]  INFO instancemanager.CoupleManager: Initializing CoupleManager
[11.04.21 19:20:06:330]  INFO instancemanager.CoupleManager: Loaded: 0 couples(s)
[11.04.21 19:20:06:330]  INFO gameserver.GameServer: CoupleManager initialized
[11.04.21 19:20:06:330]  INFO admincommands.AdminCommandHandler: AdminCommandHandler: loaded 348 admin command handler(s) count.
[11.04.21 19:20:06:334]  INFO usercommands.UserCommandHandler: UserCommandHandler: loaded 16 user command handler(s) count.
[11.04.21 19:20:06:334]  INFO voicecommands.VoicedCommandHandler: VoicedCommandHandler: loaded 39 voiced command handler(s) count.
[11.04.21 19:20:06:347]  INFO gameserver.GameServer: =[Events]=========================================
[11.04.21 19:20:06:431]  INFO impl.CastleSiegeEvent: CastleSiegeEvent: Gludio Castle time - 16:00 25.04.2021
[11.04.21 19:20:06:440]  INFO impl.CastleSiegeEvent: CastleSiegeEvent: Dion Castle time - 16:00 25.04.2021
[11.04.21 19:20:06:443]  INFO impl.CastleSiegeEvent: CastleSiegeEvent: Giran Castle time - 20:00 11.04.2021
[11.04.21 19:20:06:446]  INFO impl.CastleSiegeEvent: CastleSiegeEvent: Oren Castle time - 20:00 11.04.2021
[11.04.21 19:20:06:454]  INFO impl.CastleSiegeEvent: CastleSiegeEvent: Aden Castle time - 16:00 25.04.2021
[11.04.21 19:20:06:459]  INFO impl.CastleSiegeEvent: CastleSiegeEvent: Innadril Castle time - 20:00 11.04.2021
[11.04.21 19:20:06:461]  INFO impl.CastleSiegeEvent: CastleSiegeEvent: Goddard Castle time - 20:00 11.04.2021
[11.04.21 19:20:06:470]  INFO impl.CastleSiegeEvent: CastleSiegeEvent: Rune Castle time - 16:00 25.04.2021
[11.04.21 19:20:06:477]  INFO impl.CastleSiegeEvent: CastleSiegeEvent: Schuttgart Castle time - 16:00 25.04.2021
[11.04.21 19:20:06:480]  INFO impl.ClanHallNpcSiegeEvent: ClanHallNpcSiegeEvent: Fortress Of Resistance time - 18:00 12.04.2021
[11.04.21 19:20:06:480]  INFO impl.ClanHallAuctionEvent: ClanHallAuctionEvent: Moonstone Hall time - 19:20 11.04.2021
[11.04.21 19:20:06:481]  INFO impl.ClanHallAuctionEvent: ClanHallAuctionEvent: Onyx Hall time - 19:20 11.04.2021
[11.04.21 19:20:06:482]  INFO impl.ClanHallAuctionEvent: ClanHallAuctionEvent: Topaz Hall time - 19:20 11.04.2021
[11.04.21 19:20:06:482]  INFO impl.ClanHallAuctionEvent: ClanHallAuctionEvent: Ruby Hall time - 19:20 11.04.2021
[11.04.21 19:20:06:483]  INFO impl.ClanHallAuctionEvent: ClanHallAuctionEvent: Crystal Hall time - 19:20 11.04.2021
[11.04.21 19:20:06:483]  INFO impl.ClanHallAuctionEvent: ClanHallAuctionEvent: Onyx Hall time - 19:20 11.04.2021
[11.04.21 19:20:06:484]  INFO impl.ClanHallAuctionEvent: ClanHallAuctionEvent: Sapphire Hall time - 19:20 11.04.2021
[11.04.21 19:20:06:485]  INFO impl.ClanHallAuctionEvent: ClanHallAuctionEvent: Moonstone Hall time - 19:20 11.04.2021
[11.04.21 19:20:06:485]  INFO impl.ClanHallAuctionEvent: ClanHallAuctionEvent: Emerald Hall time - 19:20 11.04.2021
[11.04.21 19:20:06:486]  INFO impl.ClanHallAuctionEvent: ClanHallAuctionEvent: The Atramental Barracks time - 19:20 11.04.2021
[11.04.21 19:20:06:486]  INFO impl.ClanHallAuctionEvent: ClanHallAuctionEvent: The Scarlet Barracks time - 19:20 11.04.2021
[11.04.21 19:20:06:487]  INFO impl.ClanHallAuctionEvent: ClanHallAuctionEvent: The Viridian Barracks time - 19:20 11.04.2021
[11.04.21 19:20:06:487]  INFO impl.ClanHallSiegeEvent: ClanHallSiegeEvent: Devastated Castle time - 18:00 17.04.2021
[11.04.21 19:20:06:488]  INFO impl.ClanHallTeamBattleEvent: ClanHallTeamBattleEvent: Bandit Stronghold time - 22:00 17.04.2021
[11.04.21 19:20:06:488]  INFO impl.ClanHallAuctionEvent: ClanHallAuctionEvent: The Golden Chamber time - 19:20 11.04.2021
[11.04.21 19:20:06:489]  INFO impl.ClanHallAuctionEvent: ClanHallAuctionEvent: The Silver Chamber time - 19:20 11.04.2021
[11.04.21 19:20:06:490]  INFO impl.ClanHallAuctionEvent: ClanHallAuctionEvent: The Mithril Chamber time - 19:20 11.04.2021
[11.04.21 19:20:06:490]  INFO impl.ClanHallAuctionEvent: ClanHallAuctionEvent: Silver Manor time - 19:20 11.04.2021
[11.04.21 19:20:06:491]  INFO impl.ClanHallAuctionEvent: ClanHallAuctionEvent: Gold Manor time - 19:20 11.04.2021
[11.04.21 19:20:06:491]  INFO impl.ClanHallAuctionEvent: ClanHallAuctionEvent: The Bronze Chamber time - 19:20 11.04.2021
[11.04.21 19:20:06:492]  INFO impl.ClanHallAuctionEvent: ClanHallAuctionEvent: The Golden Chamber time - 19:20 11.04.2021
[11.04.21 19:20:06:493]  INFO impl.ClanHallAuctionEvent: ClanHallAuctionEvent: The Silver Chamber time - 19:20 11.04.2021
[11.04.21 19:20:06:493]  INFO impl.ClanHallAuctionEvent: ClanHallAuctionEvent: The Mithril Chamber time - 19:20 11.04.2021
[11.04.21 19:20:06:494]  INFO impl.ClanHallAuctionEvent: ClanHallAuctionEvent: The Bronze Chamber time - 19:20 11.04.2021
[11.04.21 19:20:06:494]  INFO impl.ClanHallAuctionEvent: ClanHallAuctionEvent: Silver Manor time - 19:20 11.04.2021
[11.04.21 19:20:06:495]  INFO impl.ClanHallAuctionEvent: ClanHallAuctionEvent: Moonstone Hall time - 19:20 11.04.2021
[11.04.21 19:20:06:496]  INFO impl.ClanHallAuctionEvent: ClanHallAuctionEvent: Onyx Hall time - 19:20 11.04.2021
[11.04.21 19:20:06:497]  INFO impl.ClanHallAuctionEvent: ClanHallAuctionEvent: Emerald Hall time - 19:20 11.04.2021
[11.04.21 19:20:06:498]  INFO impl.ClanHallAuctionEvent: ClanHallAuctionEvent: Sapphire Hall time - 19:20 11.04.2021
[11.04.21 19:20:06:498]  INFO impl.ClanHallAuctionEvent: ClanHallAuctionEvent: Mont Chamber time - 19:20 11.04.2021
[11.04.21 19:20:06:499]  INFO impl.ClanHallAuctionEvent: ClanHallAuctionEvent: Astaire Chamber time - 19:20 11.04.2021
[11.04.21 19:20:06:499]  INFO impl.ClanHallAuctionEvent: ClanHallAuctionEvent: Aria Chamber time - 19:20 11.04.2021
[11.04.21 19:20:06:500]  INFO impl.ClanHallAuctionEvent: ClanHallAuctionEvent: Yiana Chamber time - 19:20 11.04.2021
[11.04.21 19:20:06:500]  INFO impl.ClanHallAuctionEvent: ClanHallAuctionEvent: Roien Chamber time - 19:20 11.04.2021
[11.04.21 19:20:06:501]  INFO impl.ClanHallAuctionEvent: ClanHallAuctionEvent: Luna Chamber time - 19:20 11.04.2021
[11.04.21 19:20:06:502]  INFO impl.ClanHallAuctionEvent: ClanHallAuctionEvent: Traban Chamber time - 19:20 11.04.2021
[11.04.21 19:20:06:502]  INFO impl.ClanHallAuctionEvent: ClanHallAuctionEvent: Eisen Hall time - 19:20 11.04.2021
[11.04.21 19:20:06:503]  INFO impl.ClanHallAuctionEvent: ClanHallAuctionEvent: Heavy Metal Hall time - 19:20 11.04.2021
[11.04.21 19:20:06:503]  INFO impl.ClanHallAuctionEvent: ClanHallAuctionEvent: Molten Ore Hall time - 19:20 11.04.2021
[11.04.21 19:20:06:504]  INFO impl.ClanHallAuctionEvent: ClanHallAuctionEvent: Titan Hall time - 19:20 11.04.2021
[11.04.21 19:20:06:505]  INFO impl.ClanHallMiniGameEvent: ClanHallMiniGameEvent: Rainbow Springs time - 22:00 17.04.2021
[11.04.21 19:20:06:505]  INFO impl.ClanHallTeamBattleEvent: ClanHallTeamBattleEvent: Wild Beast Reserve time - 21:00 17.04.2021
[11.04.21 19:20:06:506]  INFO impl.ClanHallSiegeEvent: ClanHallSiegeEvent: Fortress of Dead time - 18:00 17.04.2021
[11.04.21 19:20:06:508]  INFO impl.DominionSiegeEvent: DominionSiegeEvent: Gludio Dominion time - undefined
[11.04.21 19:20:06:508]  INFO impl.DominionSiegeEvent: DominionSiegeEvent: Dion Dominion time - undefined
[11.04.21 19:20:06:509]  INFO impl.DominionSiegeEvent: DominionSiegeEvent: Giran Dominion time - undefined
[11.04.21 19:20:06:510]  INFO impl.DominionSiegeEvent: DominionSiegeEvent: Oren Dominion time - undefined
[11.04.21 19:20:06:511]  INFO impl.DominionSiegeEvent: DominionSiegeEvent: Aden Dominion time - undefined
[11.04.21 19:20:06:513]  INFO impl.DominionSiegeEvent: DominionSiegeEvent: Innadril Dominion time - undefined
[11.04.21 19:20:06:513]  INFO impl.DominionSiegeEvent: DominionSiegeEvent: Goddard Dominion time - undefined
[11.04.21 19:20:06:514]  INFO impl.DominionSiegeEvent: DominionSiegeEvent: Rune Dominion time - undefined
[11.04.21 19:20:06:515]  INFO impl.DominionSiegeEvent: DominionSiegeEvent: Schuttgart Dominion time - undefined
[11.04.21 19:20:06:519]  INFO impl.FortressSiegeEvent: FortressSiegeEvent: Shanty Fortress time - undefined
[11.04.21 19:20:06:522]  INFO impl.FortressSiegeEvent: FortressSiegeEvent: Southern Fortress time - undefined
[11.04.21 19:20:06:524]  INFO impl.FortressSiegeEvent: FortressSiegeEvent: Hive Fortress time - undefined
[11.04.21 19:20:06:526]  INFO impl.FortressSiegeEvent: FortressSiegeEvent: Valley Fortress time - undefined
[11.04.21 19:20:06:528]  INFO impl.FortressSiegeEvent: FortressSiegeEvent: Ivory Fortress time - undefined
[11.04.21 19:20:06:529]  INFO impl.FortressSiegeEvent: FortressSiegeEvent: Narsell Fortress time - undefined
[11.04.21 19:20:06:531]  INFO impl.FortressSiegeEvent: FortressSiegeEvent: Bayou Fortress time - undefined
[11.04.21 19:20:06:532]  INFO impl.FortressSiegeEvent: FortressSiegeEvent: White Sands Fortress time - undefined
[11.04.21 19:20:06:534]  INFO impl.FortressSiegeEvent: FortressSiegeEvent: Borderland Fortress time - undefined
[11.04.21 19:20:06:536]  INFO impl.FortressSiegeEvent: FortressSiegeEvent: Swamp Fortress time - undefined
[11.04.21 19:20:06:537]  INFO impl.FortressSiegeEvent: FortressSiegeEvent: Archaic Fortress time - undefined
[11.04.21 19:20:06:538]  INFO impl.FortressSiegeEvent: FortressSiegeEvent: Floran Fortress time - undefined
[11.04.21 19:20:06:540]  INFO impl.FortressSiegeEvent: FortressSiegeEvent: Cloud Mountain Fortress time - undefined
[11.04.21 19:20:06:541]  INFO impl.FortressSiegeEvent: FortressSiegeEvent: Tanor Fortress time - undefined
[11.04.21 19:20:06:543]  INFO impl.FortressSiegeEvent: FortressSiegeEvent: Dragonspine Fortress time - undefined
[11.04.21 19:20:06:546]  INFO impl.FortressSiegeEvent: FortressSiegeEvent: Antharas Fortress time - undefined
[11.04.21 19:20:06:547]  INFO impl.FortressSiegeEvent: FortressSiegeEvent: Western Fortress time - undefined
[11.04.21 19:20:06:549]  INFO impl.FortressSiegeEvent: FortressSiegeEvent: Hunter's Fortress time - undefined
[11.04.21 19:20:06:550]  INFO impl.FortressSiegeEvent: FortressSiegeEvent: Aaru Fortress time - undefined
[11.04.21 19:20:06:551]  INFO impl.FortressSiegeEvent: FortressSiegeEvent: Demon Fortress time - undefined
[11.04.21 19:20:06:553]  INFO impl.FortressSiegeEvent: FortressSiegeEvent: Monastic Fortress time - undefined
[11.04.21 19:20:06:553]  INFO impl.KrateisCubeEvent: KrateisCubeEvent: Krateis Cube 70-75 Level time - 19:30 11.04.2021
[11.04.21 19:20:06:553]  INFO impl.KrateisCubeEvent: KrateisCubeEvent: Krateis Cube 76-79 Level time - 19:30 11.04.2021
[11.04.21 19:20:06:554]  INFO impl.KrateisCubeEvent: KrateisCubeEvent: Krateis Cube 80-85 Level time - 19:30 11.04.2021
[11.04.21 19:20:06:554]  INFO gameserver.GameServer: ==================================================
[11.04.21 19:20:06:555]  INFO instancemanager.CastleManorManager: Manor System: Initializing...
[11.04.21 19:20:06:569]  INFO gameserver.GameServer: IdFactory: Free ObjectID's remaining: 1879005227
[11.04.21 19:20:06:588]  INFO instancemanager.HellboundManager: HellboundManager: Loaded 335 spawn entries.
[11.04.21 19:20:06:602]  INFO instancemanager.HellboundManager: HellboundManager: Spawned 623 mobs and NPCs according to the current Hellbound stage
[11.04.21 19:20:06:602]  INFO instancemanager.HellboundManager: Hellbound Manager: Loaded
[11.04.21 19:20:06:603]  INFO naia.NaiaTowerManager: Naia Core Manager: Loaded
[11.04.21 19:20:06:604]  INFO instancemanager.SoDManager: Seed of Destruction Manager: Loaded
[11.04.21 19:20:06:605]  INFO instancemanager.SoIManager: Seed of Infinity Manager: Loaded. Current stage is: 1
[11.04.21 19:20:06:605]  INFO instancemanager.SpawnManager: SpawnManager: spawned 4 npc; spawns: 4; group: soi_world_mouths
[11.04.21 19:20:06:605]  INFO instancemanager.SpawnManager: SpawnManager: spawned 1 npc; spawns: 1; group: soi_world_abyssgaze2
[11.04.21 19:20:06:606]  INFO instancemanager.BloodAltarManager: Blood Altar Manager: Initializing...
[11.04.21 19:20:06:607]  INFO instancemanager.SpawnManager: SpawnManager: spawned 51 npc; spawns: 51; group: bloodaltar_alive_npc
[11.04.21 19:20:06:617]  INFO gameserver.Shutdown: Scheduled server restart in 9h 39m 54s.
[11.04.21 19:20:06:617]  INFO gameserver.GameServer: GameServer Started
[11.04.21 19:20:06:618]  INFO gameserver.GameServer: Maximum Numbers of Connected Players: 3000
[11.04.21 19:20:06:786]  INFO authcomm.AuthServerCommunication: Connecting to authserver on 192.168.0.100:9014
[11.04.21 19:20:06:787]  INFO instancemanager.AutoAnnounce: AutoAnnounce: Initializing
[11.04.21 19:20:06:793]  INFO instancemanager.AutoAnnounce: AutoAnnounce: Load OK
[11.04.21 19:20:06:793]  INFO instancemanager.AutoAnnounce: AutoAnnounce: Loaded 1 announce.
[11.04.21 19:20:06:793]  INFO lspackets.AuthResponse: Registered on authserver as 1 [Bartz]
[11.04.21 19:20:06:799]  INFO instancemanager.SpawnManager: SpawnManager: spawned 444 npc; spawns: 122; group: NIGHT
[11.04.21 19:20:06:803]  INFO instancemanager.SpawnManager: SpawnManager: spawned 653 npc; spawns: 429; group: dawn_spawn
[11.04.21 19:20:06:811]  INFO instancemanager.SpawnManager: SpawnManager: spawned 653 npc; spawns: 429; group: dusk_spawn
[11.04.21 19:20:06:811]  INFO gameserver.GameServer: Telnet server is currently disabled.
[11.04.21 19:20:06:812]  INFO gameserver.GameServer: =================================================
[11.04.21 19:20:06:855]  INFO gameserver.GameServer: AllowedMemory: ........... 2796544 KB
[11.04.21 19:20:06:855]  INFO gameserver.GameServer:      Allocated: .......... 2460672 KB (87.9897%)
[11.04.21 19:20:06:855]  INFO gameserver.GameServer:      Non-Allocated: ...... 335872 KB (12.0103%)
[11.04.21 19:20:06:856]  INFO gameserver.GameServer: AllocatedMemory: ......... 2460672 KB
[11.04.21 19:20:06:856]  INFO gameserver.GameServer:      Used: ............... 1832532 KB (65.5285%)
[11.04.21 19:20:06:856]  INFO gameserver.GameServer:      Unused (cached): .... 628139 KB (22.4613%)
[11.04.21 19:20:06:856]  INFO gameserver.GameServer: UseableMemory: ........... 964011 KB (34.4715%)
[11.04.21 19:20:06:857]  INFO gameserver.GameServer: 
[11.04.21 19:20:06:857]  INFO gameserver.GameServer: =================================================
[11.04.21 19:20:36:798]  INFO tasks.RestoreOfflineTraders: Restored 0 offline traders
[11.04.21 19:50:02:615]  INFO threading.RunnableImpl: FourSepulchersManager: Entry time: Sun Apr 11 19:55:02 EEST 2021
[11.04.21 20:00:00:000]  INFO threading.RunnableImpl: Manor System: Under maintenance mode started
[11.04.21 20:00:00:039]  INFO instancemanager.SpawnManager: SpawnManager: spawned 443 npc; spawns: 121; group: DAY
[11.04.21 20:06:00:013]  INFO threading.RunnableImpl: Manor System: Next period started
[11.04.21 20:43:32:102]  INFO gameserver.Shutdown: Scheduled server shutdown in 15s.
